Removed Pin From Net: NetName=5V Pin=J2-1
Removed Pin From Net: NetName=3V3 Pin=J2-2
Removed Pin From Net: NetName=VDD Pin=J2-4
Removed Pin From Net: NetName=VEE Pin=J2-5
Removed Pin From Net: NetName=GND Pin=J2-7
Removed Pin From Net: NetName=Jig_TXD Pin=J2-13
Removed Pin From Net: NetName=Y_Com Pin=J2-14
Removed Pin From Net: NetName=X_Com Pin=J2-15
Removed Pin From Net: NetName=INH Pin=J2-16
Removed Pin From Net: NetName=A Pin=J2-17
Removed Pin From Net: NetName=B Pin=J2-18
Removed Pin From Net: NetName=IO0 Pin=J2-19
Removed Pin From Net: NetName=EN Pin=J2-20
Added Pin To Net: NetName=INH Pin=J2-6
Added Pin To Net: NetName=A Pin=J2-7
Added Pin To Net: NetName=B Pin=J2-8
Added Pin To Net: NetName=Y_Com Pin=J2-9
Added Pin To Net: NetName=X_Com Pin=J2-10
Added Pin To Net: NetName=Jig_TXD Pin=J2-11
Added Pin To Net: NetName=IO0 Pin=J2-13
Added Pin To Net: NetName=EN Pin=J2-14
Added Pin To Net: NetName=GND Pin=J2-15
Added Pin To Net: NetName=VEE Pin=J2-17
Added Pin To Net: NetName=VDD Pin=J2-18
Added Pin To Net: NetName=3V3 Pin=J2-19
Added Pin To Net: NetName=5V Pin=J2-20
Added Room: Name=Sheet1
