Removed Pin From Net: NetName=5V Pin=J2-27
Removed Pin From Net: NetName=3V3 Pin=J2-28
Removed Pin From Net: NetName=GND Pin=J2-29
Removed Pin From Net: NetName=VDD Pin=J2-30
Removed Pin From Net: NetName=VEE Pin=J2-31
Removed Pin From Net: NetName=A Pin=J2-32
Removed Pin From Net: NetName=B Pin=J2-33
Removed Pin From Net: NetName=X_Com Pin=J2-34
Removed Pin From Net: NetName=Y_Com Pin=J2-35
Removed Pin From Net: NetName=INH Pin=J2-36
Removed Pin From Net: NetName=Jig_RXD Pin=J2-37
Removed Pin From Net: NetName=Jig_TXD Pin=J2-38
Removed Pin From Net: NetName=EN Pin=J2-39
Removed Pin From Net: NetName=IO0 Pin=J2-40
Removed Pin From Net: NetName=GND Pin=J8_a-
Added Pin To Net: NetName=EN Pin=J2-14
Added Pin To Net: NetName=IO0 Pin=J2-16
Added Pin To Net: NetName=Jig_TXD Pin=J2-18
Added Pin To Net: NetName=Jig_RXD Pin=J2-20
Added Pin To Net: NetName=Y_Com Pin=J2-22
Added Pin To Net: NetName=X_Com Pin=J2-24
Added Pin To Net: NetName=INH Pin=J2-26
Added Pin To Net: NetName=B Pin=J2-28
Added Pin To Net: NetName=A Pin=J2-30
Added Pin To Net: NetName=VEE Pin=J2-32
Added Pin To Net: NetName=VDD Pin=J2-34
Added Pin To Net: NetName=GND Pin=J2-36
Added Pin To Net: NetName=3V3 Pin=J2-38
Added Pin To Net: NetName=5V Pin=J2-40
Added Room: Name=Sheet1
