Removed Pin From Net: NetName=5V Pin=J0-1
Removed Pin From Net: NetName=Jig_RXD Pin=J1-2
Removed Pin From Net: NetName=Jig_TXD Pin=J1-3
Removed Pin From Net: NetName=Jig_RXD Pin=J2-1
Removed Pin From Net: NetName=Jig_TXD Pin=J2-2
Removed Pin From Net: NetName=INH Pin=J2-6
Removed Pin From Net: NetName=A Pin=J2-7
Removed Pin From Net: NetName=B Pin=J2-8
Removed Pin From Net: NetName=Y_Com Pin=J2-9
Removed Pin From Net: NetName=X_Com Pin=J2-10
Removed Pin From Net: NetName=IO0 Pin=J2-13
Removed Pin From Net: NetName=EN Pin=J2-14
Removed Pin From Net: NetName=3V3_MCU Pin=J2-15
Removed Pin From Net: NetName=GND Pin=J2-16
Removed Pin From Net: NetName=VEE Pin=J2-17
Removed Pin From Net: NetName=VDD Pin=J2-18
Removed Pin From Net: NetName=3V3 Pin=J2-19
Removed Pin From Net: NetName=5V Pin=J2-20
Removed Pin From Net: NetName=TST Pin=J7-3
Removed Pin From Net: NetName=RST Pin=J7-4
Removed Pin From Net: NetName=IO0 Pin=J9-5
Removed Pin From Net: NetName=EN Pin=J9-6
Removed Pin From Net: NetName=TST Pin=U1-1
Removed Pin From Net: NetName=TSK Pin=U1-2
Removed Pin From Net: NetName=Y_Com Pin=U1-3
Removed Pin From Net: NetName=RX_J9 Pin=U1-4
Removed Pin From Net: NetName=TX_J8 Pin=U1-5
Removed Pin From Net: NetName=INH Pin=U1-6
Removed Pin From Net: NetName=VEE Pin=U1-7
Removed Pin From Net: NetName=GND Pin=U1-8
Removed Pin From Net: NetName=A Pin=U1-9
Removed Pin From Net: NetName=B Pin=U1-10
Removed Pin From Net: NetName=TX_J9 Pin=U1-11
Removed Pin From Net: NetName=RST Pin=U1-12
Removed Pin From Net: NetName=X_Com Pin=U1-13
Removed Pin From Net: NetName=RX_J8 Pin=U1-14
Removed Pin From Net: NetName=TMS Pin=U1-15
Removed Pin From Net: NetName=VDD Pin=U1-16
Removed Member From Class: ClassName=Sheet1 Member=J0
Removed Member From Class: ClassName=Sheet1 Member=J2
Removed Member From Class: ClassName=Sheet1 Member=U1
Added Component: Designator=1_1(J4)
Added Component: Designator=J0_1(J1)
Added Component: Designator=J1_1(J3)
Added Component: Designator=J2_1(TE_5-87568-6)
Add component (AddParameter): Name = "Availability"; Value = "Unavailable"; VariantName = "[No Variations]"
Add component (AddParameter): Name = "MF"; Value = "{'manufacturer': u'TE Connectivity'}"; VariantName = "[No Variations]"
Add component (AddParameter): Name = "MP"; Value = "5-87568-6"; VariantName = "[No Variations]"
Add component (AddParameter): Name = "Package"; Value = "None"; VariantName = "[No Variations]"
Add component (AddParameter): Name = "Price"; Value = "None"; VariantName = "[No Variations]"
Add component (AddParameter): Name = "Value"; Value = ""; VariantName = "[No Variations]"
Added Component: Designator=J7_1(J4)
Added Component: Designator=J8_1(J4)
Added Component: Designator=J?(61303021121)
Add component (AddParameter): Name = "Availability"; Value = "Unavailable"; VariantName = "[No Variations]"
Add component (AddParameter): Name = "MF"; Value = "{'manufacturer': u'Wurth Elektronik'}"; VariantName = "[No Variations]"
Add component (AddParameter): Name = "MP"; Value = "61303021121"; VariantName = "[No Variations]"
Add component (AddParameter): Name = "Package"; Value = "None"; VariantName = "[No Variations]"
Add component (AddParameter): Name = "Price"; Value = "None"; VariantName = "[No Variations]"
Add component (AddParameter): Name = "Value"; Value = ""; VariantName = "[No Variations]"
Added Component: Designator=U1_1(SOIC127P600X175-16N)
Add component (AddParameter): Name = "Availability"; Value = "Unavailable"; VariantName = "[No Variations]"
Add component (AddParameter): Name = "MF"; Value = "{'manufacturer': u'Texas Instruments'}"; VariantName = "[No Variations]"
Add component (AddParameter): Name = "MP"; Value = "CD4052BM"; VariantName = "[No Variations]"
Add component (AddParameter): Name = "Package"; Value = "None"; VariantName = "[No Variations]"
Add component (AddParameter): Name = "Price"; Value = "None"; VariantName = "[No Variations]"
Add component (AddParameter): Name = "Value"; Value = ""; VariantName = "[No Variations]"
Added Pin To Net: NetName=3V3_MCU Pin=1_1-1
Added Pin To Net: NetName=GND Pin=1_1-2
Added Pin To Net: NetName=TMS Pin=1_1-3
Added Pin To Net: NetName=TSK Pin=1_1-4
Added Pin To Net: NetName=5V Pin=J0_1-1
Added Pin To Net: NetName=GND Pin=J1_1-1
Added Pin To Net: NetName=Jig_RXD Pin=J1_1-2
Added Pin To Net: NetName=Jig_TXD Pin=J1_1-3
Added Pin To Net: NetName=Jig_RXD Pin=J2_1-1
Added Pin To Net: NetName=Jig_TXD Pin=J2_1-2
Added Pin To Net: NetName=INH Pin=J2_1-6
Added Pin To Net: NetName=A Pin=J2_1-7
Added Pin To Net: NetName=B Pin=J2_1-8
Added Pin To Net: NetName=Y_Com Pin=J2_1-9
Added Pin To Net: NetName=X_Com Pin=J2_1-10
Added Pin To Net: NetName=IO0 Pin=J2_1-13
Added Pin To Net: NetName=EN Pin=J2_1-14
Added Pin To Net: NetName=3V3_MCU Pin=J2_1-15
Added Pin To Net: NetName=GND Pin=J2_1-16
Added Pin To Net: NetName=VEE Pin=J2_1-17
Added Pin To Net: NetName=VDD Pin=J2_1-18
Added Pin To Net: NetName=3V3 Pin=J2_1-19
Added Pin To Net: NetName=5V Pin=J2_1-20
Added Pin To Net: NetName=GND Pin=J7_1-1
Added Pin To Net: NetName=3V3 Pin=J7_1-2
Added Pin To Net: NetName=TST Pin=J7_1-3
Added Pin To Net: NetName=RST Pin=J7_1-4
Added Pin To Net: NetName=3V3 Pin=J8_1-1
Added Pin To Net: NetName=GND Pin=J8_1-2
Added Pin To Net: NetName=RX_J8 Pin=J8_1-3
Added Pin To Net: NetName=TX_J8 Pin=J8_1-4
Added Pin To Net: NetName=3V3 Pin=J?-2
Added Pin To Net: NetName=GND Pin=J?-4
Added Pin To Net: NetName=3V3_MCU Pin=J?-5
Added Pin To Net: NetName=TMS Pin=J?-6
Added Pin To Net: NetName=GND Pin=J?-7
Added Pin To Net: NetName=TSK Pin=J?-8
Added Pin To Net: NetName=GND Pin=J?-10
Added Pin To Net: NetName=RX_J9 Pin=J?-13
Added Pin To Net: NetName=3V3 Pin=J?-14
Added Pin To Net: NetName=TX_J9 Pin=J?-15
Added Pin To Net: NetName=GND Pin=J?-17
Added Pin To Net: NetName=3V3 Pin=J?-19
Added Pin To Net: NetName=RX_J8 Pin=J?-20
Added Pin To Net: NetName=GND Pin=J?-21
Added Pin To Net: NetName=TX_J8 Pin=J?-22
Added Pin To Net: NetName=TST Pin=U1_1-1
Added Pin To Net: NetName=TSK Pin=U1_1-2
Added Pin To Net: NetName=Y_Com Pin=U1_1-3
Added Pin To Net: NetName=RX_J9 Pin=U1_1-4
Added Pin To Net: NetName=TX_J8 Pin=U1_1-5
Added Pin To Net: NetName=INH Pin=U1_1-6
Added Pin To Net: NetName=VEE Pin=U1_1-7
Added Pin To Net: NetName=GND Pin=U1_1-8
Added Pin To Net: NetName=A Pin=U1_1-9
Added Pin To Net: NetName=B Pin=U1_1-10
Added Pin To Net: NetName=TX_J9 Pin=U1_1-11
Added Pin To Net: NetName=RST Pin=U1_1-12
Added Pin To Net: NetName=X_Com Pin=U1_1-13
Added Pin To Net: NetName=RX_J8 Pin=U1_1-14
Added Pin To Net: NetName=TMS Pin=U1_1-15
Added Pin To Net: NetName=VDD Pin=U1_1-16
Added Pin To Net: NetName=EN_J9 Pin=J9-6
Added Pin To Net: NetName=EN_J9 Pin=J?-18
Added Net: Name=EN_J9
Added Pin To Net: NetName=IO0_J9 Pin=J9-5
Added Pin To Net: NetName=IO0_J9 Pin=J?-16
Added Net: Name=IO0_J9
Added Pin To Net: NetName=RST_J7 Pin=J7-4
Added Pin To Net: NetName=RST_J7 Pin=J?-1
Added Net: Name=RST_J7
Added Pin To Net: NetName=RXD_J1 Pin=J1-2
Added Pin To Net: NetName=RXD_J1 Pin=J?-11
Added Net: Name=RXD_J1
Added Pin To Net: NetName=TST_J7 Pin=J7-3
Added Pin To Net: NetName=TST_J7 Pin=J?-3
Added Net: Name=TST_J7
Added Pin To Net: NetName=TXD_J1 Pin=J1-3
Added Pin To Net: NetName=TXD_J1 Pin=J?-9
Added Net: Name=TXD_J1
Added Member To Class: ClassName=Sheet2 Member=Component 1_1 J
Added Member To Class: ClassName=Sheet2 Member=Component J0_1 J
Added Member To Class: ClassName=Sheet2 Member=Component J1_1 J
Added Member To Class: ClassName=Sheet2 Member=Component J2_1 5-87568-6
Added Member To Class: ClassName=Sheet2 Member=Component J7_1 J
Added Member To Class: ClassName=Sheet2 Member=Component J8_1 J
Added Member To Class: ClassName=Sheet1 Member=Component J? 61303021121
Added Member To Class: ClassName=Sheet2 Member=Component U1_1 CD4052BM
Added Room: Name=Sheet1
Added Room: Name=Sheet2
