Added Component: Designator=1_1(J4)
Added Component: Designator=J0_1(J1)
Added Component: Designator=J1_1(J3)
Added Component: Designator=J2_1(TE_5-87568-6)
Add component (AddParameter): Name = "Availability"; Value = "Unavailable"; VariantName = "[No Variations]"
Add component (AddParameter): Name = "MF"; Value = "{'manufacturer': u'TE Connectivity'}"; VariantName = "[No Variations]"
Add component (AddParameter): Name = "MP"; Value = "5-87568-6"; VariantName = "[No Variations]"
Add component (AddParameter): Name = "Package"; Value = "None"; VariantName = "[No Variations]"
Add component (AddParameter): Name = "Price"; Value = "None"; VariantName = "[No Variations]"
Add component (AddParameter): Name = "Value"; Value = ""; VariantName = "[No Variations]"
Added Component: Designator=J7_1(J4)
Added Component: Designator=J8_1(J4)
Added Component: Designator=J9_1(J6)
Added Component: Designator=U1_1(SOIC127P600X175-16N)
Add component (AddParameter): Name = "Availability"; Value = "Unavailable"; VariantName = "[No Variations]"
Add component (AddParameter): Name = "MF"; Value = "{'manufacturer': u'Texas Instruments'}"; VariantName = "[No Variations]"
Add component (AddParameter): Name = "MP"; Value = "CD4052BM"; VariantName = "[No Variations]"
Add component (AddParameter): Name = "Package"; Value = "None"; VariantName = "[No Variations]"
Add component (AddParameter): Name = "Price"; Value = "None"; VariantName = "[No Variations]"
Add component (AddParameter): Name = "Value"; Value = ""; VariantName = "[No Variations]"
Added Pin To Net: NetName=3V3_MCU Pin=1_1-1
Added Pin To Net: NetName=3V3_MCU Pin=J2_1-15
Added Net: Name=3V3_MCU
Added Pin To Net: NetName=3V3 Pin=J2_1-19
Added Pin To Net: NetName=3V3 Pin=J7_1-2
Added Pin To Net: NetName=3V3 Pin=J8_1-1
Added Pin To Net: NetName=3V3 Pin=J9_1-4
Added Net: Name=3V3
Added Pin To Net: NetName=5V Pin=J0_1-1
Added Pin To Net: NetName=5V Pin=J2_1-20
Added Net: Name=5V
Added Pin To Net: NetName=A Pin=J2_1-7
Added Pin To Net: NetName=A Pin=U1_1-9
Added Net: Name=A
Added Pin To Net: NetName=B Pin=J2_1-8
Added Pin To Net: NetName=B Pin=U1_1-10
Added Net: Name=B
Added Pin To Net: NetName=EN Pin=J2_1-14
Added Pin To Net: NetName=EN Pin=J9_1-6
Added Net: Name=EN
Added Pin To Net: NetName=GND Pin=1_1-2
Added Pin To Net: NetName=GND Pin=J1_1-1
Added Pin To Net: NetName=GND Pin=J2_1-16
Added Pin To Net: NetName=GND Pin=J7_1-1
Added Pin To Net: NetName=GND Pin=J8_1-2
Added Pin To Net: NetName=GND Pin=J9_1-3
Added Pin To Net: NetName=GND Pin=U1_1-8
Added Net: Name=GND
Added Pin To Net: NetName=INH Pin=J2_1-6
Added Pin To Net: NetName=INH Pin=U1_1-6
Added Net: Name=INH
Added Pin To Net: NetName=IO0 Pin=J2_1-13
Added Pin To Net: NetName=IO0 Pin=J9_1-5
Added Net: Name=IO0
Added Pin To Net: NetName=Jig_RXD Pin=J1_1-2
Added Pin To Net: NetName=Jig_RXD Pin=J2_1-1
Added Net: Name=Jig_RXD
Added Pin To Net: NetName=Jig_TXD Pin=J1_1-3
Added Pin To Net: NetName=Jig_TXD Pin=J2_1-2
Added Net: Name=Jig_TXD
Added Pin To Net: NetName=RST Pin=J7_1-4
Added Pin To Net: NetName=RST Pin=U1_1-12
Added Net: Name=RST
Added Pin To Net: NetName=RX_J8 Pin=J8_1-3
Added Pin To Net: NetName=RX_J8 Pin=U1_1-14
Added Net: Name=RX_J8
Added Pin To Net: NetName=RX_J9 Pin=J9_1-1
Added Pin To Net: NetName=RX_J9 Pin=U1_1-4
Added Net: Name=RX_J9
Added Pin To Net: NetName=TMS Pin=1_1-3
Added Pin To Net: NetName=TMS Pin=U1_1-15
Added Net: Name=TMS
Added Pin To Net: NetName=TSK Pin=1_1-4
Added Pin To Net: NetName=TSK Pin=U1_1-2
Added Net: Name=TSK
Added Pin To Net: NetName=TST Pin=J7_1-3
Added Pin To Net: NetName=TST Pin=U1_1-1
Added Net: Name=TST
Added Pin To Net: NetName=TX_J8 Pin=J8_1-4
Added Pin To Net: NetName=TX_J8 Pin=U1_1-5
Added Net: Name=TX_J8
Added Pin To Net: NetName=TX_J9 Pin=J9_1-2
Added Pin To Net: NetName=TX_J9 Pin=U1_1-11
Added Net: Name=TX_J9
Added Pin To Net: NetName=VDD Pin=J2_1-18
Added Pin To Net: NetName=VDD Pin=U1_1-16
Added Net: Name=VDD
Added Pin To Net: NetName=VEE Pin=J2_1-17
Added Pin To Net: NetName=VEE Pin=U1_1-7
Added Net: Name=VEE
Added Pin To Net: NetName=X_Com Pin=J2_1-10
Added Pin To Net: NetName=X_Com Pin=U1_1-13
Added Net: Name=X_Com
Added Pin To Net: NetName=Y_Com Pin=J2_1-9
Added Pin To Net: NetName=Y_Com Pin=U1_1-3
Added Net: Name=Y_Com
Added Class: Name=Sheet1
Added Class: Name=Sheet2
Added Room: Name=Sheet1
Added Room: Name=Sheet2
