Removed Pin From Net: NetName=TXD_J1 Pin=J1-1
Removed Pin From Net: NetName=RXD_J1 Pin=J1-2
Removed Pin From Net: NetName=GND Pin=J1-3
Removed Pin From Net: NetName=GND Pin=J1-4
Removed Pin From Net: NetName=GND Pin=J1_1-1
Removed Pin From Net: NetName=RXD_J1 Pin=J1_1-2
Removed Pin From Net: NetName=TXD_J1 Pin=J1_1-3
Change Component Footprint: Designator=J1 Old Footprint=HDR1X4 New Footprint=J4
Change Component Footprint: Designator=J1_1 Old Footprint=J3 New Footprint=J4
Change Component Comment : Designator=J1 Old Comment=Header 4 New Comment=J
Change component parameters: Designator = "J1" ("J1"); Footprint = "HDR1X4"; UniqueID = "\XQRJYAOR" ("\XQRJYAOR")
Added Component: Designator=1(J4)
Added Component: Designator=D1(LED-1206)
Add component (AddParameter): Name = "Availability"; Value = "Unavailable"; VariantName = "[No Variations]"
Add component (AddParameter): Name = "MF"; Value = "{'manufacturer': u'Bourns'}"; VariantName = "[No Variations]"
Add component (AddParameter): Name = "MP"; Value = "SMD-DIODE-SWITCHING-75V-150MA(D1206)"; VariantName = "[No Variations]"
Add component (AddParameter): Name = "Package"; Value = "None"; VariantName = "[No Variations]"
Add component (AddParameter): Name = "Price"; Value = "None"; VariantName = "[No Variations]"
Add component (AddParameter): Name = "Value"; Value = ""; VariantName = "[No Variations]"
Added Component: Designator=J1(J3)
Added Component: Designator=J2(61303021121)
Add component (AddParameter): Name = "Availability"; Value = "Unavailable"; VariantName = "[No Variations]"
Add component (AddParameter): Name = "MF"; Value = "{'manufacturer': u'Wurth Elektronik'}"; VariantName = "[No Variations]"
Add component (AddParameter): Name = "MP"; Value = "61303021121"; VariantName = "[No Variations]"
Add component (AddParameter): Name = "Package"; Value = "None"; VariantName = "[No Variations]"
Add component (AddParameter): Name = "Price"; Value = "None"; VariantName = "[No Variations]"
Add component (AddParameter): Name = "Value"; Value = ""; VariantName = "[No Variations]"
Added Component: Designator=J7(J4)
Added Component: Designator=J8(J4)
Add Component: Footprint Not Found J6
Added Component: Designator=R1(RESC3115X65N)
Add component (AddParameter): Name = "Availability"; Value = "Unavailable"; VariantName = "[No Variations]"
Add component (AddParameter): Name = "MF"; Value = "{'manufacturer': u'TE Connectivity'}"; VariantName = "[No Variations]"
Add component (AddParameter): Name = "MP"; Value = "2-1879462-9"; VariantName = "[No Variations]"
Add component (AddParameter): Name = "Package"; Value = "None"; VariantName = "[No Variations]"
Add component (AddParameter): Name = "Price"; Value = "None"; VariantName = "[No Variations]"
Add component (AddParameter): Name = "Value"; Value = ""; VariantName = "[No Variations]"
Added Component: Designator=R2(RESC3115X65N)
Add component (AddParameter): Name = "Availability"; Value = "Unavailable"; VariantName = "[No Variations]"
Add component (AddParameter): Name = "MF"; Value = "{'manufacturer': u'TE Connectivity'}"; VariantName = "[No Variations]"
Add component (AddParameter): Name = "MP"; Value = "2-1879462-9"; VariantName = "[No Variations]"
Add component (AddParameter): Name = "Package"; Value = "None"; VariantName = "[No Variations]"
Add component (AddParameter): Name = "Price"; Value = "None"; VariantName = "[No Variations]"
Add component (AddParameter): Name = "Value"; Value = ""; VariantName = "[No Variations]"
Added Component: Designator=R3(RESC3115X65N)
Add component (AddParameter): Name = "Availability"; Value = "Unavailable"; VariantName = "[No Variations]"
Add component (AddParameter): Name = "MF"; Value = "{'manufacturer': u'TE Connectivity'}"; VariantName = "[No Variations]"
Add component (AddParameter): Name = "MP"; Value = "2-1879462-9"; VariantName = "[No Variations]"
Add component (AddParameter): Name = "Package"; Value = "None"; VariantName = "[No Variations]"
Add component (AddParameter): Name = "Price"; Value = "None"; VariantName = "[No Variations]"
Add component (AddParameter): Name = "Value"; Value = ""; VariantName = "[No Variations]"
Added Component: Designator=R4(RESC3115X65N)
Add component (AddParameter): Name = "Availability"; Value = "Unavailable"; VariantName = "[No Variations]"
Add component (AddParameter): Name = "MF"; Value = "{'manufacturer': u'TE Connectivity'}"; VariantName = "[No Variations]"
Add component (AddParameter): Name = "MP"; Value = "2-1879462-9"; VariantName = "[No Variations]"
Add component (AddParameter): Name = "Package"; Value = "None"; VariantName = "[No Variations]"
Add component (AddParameter): Name = "Price"; Value = "None"; VariantName = "[No Variations]"
Add component (AddParameter): Name = "Value"; Value = ""; VariantName = "[No Variations]"
Added Pin To Net: NetName=3V3_MCU Pin=1-1
Added Pin To Net: NetName=GND Pin=1-2
Added Pin To Net: NetName=TMS Pin=1-3
Added Pin To Net: NetName=TSK Pin=1-4
Added Pin To Net: NetName=GND Pin=D1-NEG
Added Pin To Net: NetName=3V3 Pin=D1-POS
Added Pin To Net: NetName=GND Pin=J1-1
Added Pin To Net: NetName=GND Pin=J1-1
Added Pin To Net: NetName=RXD_J1 Pin=J1-2
Added Pin To Net: NetName=TXD_J1 Pin=J1-3
Added Pin To Net: NetName=TXD_J1 Pin=J1_1-2
Added Pin To Net: NetName=RXD_J1 Pin=J1_1-3
Added Pin To Net: NetName=GND Pin=J1_1-4
Added Pin To Net: NetName=RST_J7 Pin=J2-1
Added Pin To Net: NetName=3V3 Pin=J2-2
Added Pin To Net: NetName=TST_J7 Pin=J2-3
Added Pin To Net: NetName=GND Pin=J2-4
Added Pin To Net: NetName=3V3_MCU Pin=J2-5
Added Pin To Net: NetName=TMS Pin=J2-6
Added Pin To Net: NetName=GND Pin=J2-7
Added Pin To Net: NetName=TSK Pin=J2-8
Added Pin To Net: NetName=TXD_J1 Pin=J2-9
Added Pin To Net: NetName=GND Pin=J2-10
Added Pin To Net: NetName=RXD_J1 Pin=J2-11
Added Pin To Net: NetName=RX_J9 Pin=J2-13
Added Pin To Net: NetName=3V3 Pin=J2-14
Added Pin To Net: NetName=TX_J9 Pin=J2-15
Added Pin To Net: NetName=IO0_J9 Pin=J2-16
Added Pin To Net: NetName=GND Pin=J2-17
Added Pin To Net: NetName=EN_J9 Pin=J2-18
Added Pin To Net: NetName=3V3 Pin=J2-19
Added Pin To Net: NetName=RX_J8 Pin=J2-20
Added Pin To Net: NetName=GND Pin=J2-21
Added Pin To Net: NetName=TX_J8 Pin=J2-22
Added Pin To Net: NetName=NetJ2_23 Pin=J2-23
Added Pin To Net: NetName=GND Pin=J2-24
Added Pin To Net: NetName=NetJ2_25 Pin=J2-25
Added Pin To Net: NetName=GND Pin=J2-26
Added Pin To Net: NetName=GND Pin=J7-1
Added Pin To Net: NetName=3V3 Pin=J7-2
Added Pin To Net: NetName=TST_J7 Pin=J7-3
Added Pin To Net: NetName=RST_J7 Pin=J7-4
Added Pin To Net: NetName=3V3 Pin=J8-1
Added Pin To Net: NetName=GND Pin=J8-2
Added Pin To Net: NetName=RX_J8 Pin=J8-3
Added Pin To Net: NetName=TX_J8 Pin=J8-4
Add Pin To Net: Unknown Pin: Pin J9-1
Add Pin To Net: Unknown Pin: Pin J9-2
Add Pin To Net: Unknown Pin: Pin J9-3
Add Pin To Net: Unknown Pin: Pin J9-4
Add Pin To Net: Unknown Pin: Pin J9-5
Add Pin To Net: Unknown Pin: Pin J9-6
Added Pin To Net: NetName=3V3 Pin=R1-1
Added Pin To Net: NetName=IO0_J9 Pin=R1-2
Added Pin To Net: NetName=3V3 Pin=R2-1
Added Pin To Net: NetName=EN_J9 Pin=R2-2
Added Pin To Net: NetName=IO0_J9 Pin=R3-1
Added Pin To Net: NetName=NetJ2_23 Pin=R3-2
Added Pin To Net: NetName=EN_J9 Pin=R4-1
Added Pin To Net: NetName=NetJ2_25 Pin=R4-2
Added Pin To Net: NetName=+5 Pin=J1-2
Added Pin To Net: NetName=+5 Pin=J1_1-1
Added Pin To Net: NetName=+5 Pin=J2-12
Added Pin To Net: NetName=+5 Pin=J2_1-12
Added Net: Name=+5
Added Pin To Net: NetName=NetLabel1 Pin=J1-4
Added Net: Name=NetLabel1
Added Pin To Net: NetName=NetLabel2 Pin=J1-3
Added Net: Name=NetLabel2
Added Member To Class: ClassName=Sheet1 Member=Component 1 J
Added Member To Class: ClassName=Sheet1 Member=Component D1 SMD-DIODE-SWITCHING-75V-150MA(D1206)
Added Member To Class: ClassName=Sheet1 Member=Component J1 J
Added Member To Class: ClassName=Sheet1 Member=Component J1 J
Added Member To Class: ClassName=Sheet1 Member=Component J2 61303021121
Added Member To Class: ClassName=Sheet1 Member=Component J7 J
Added Member To Class: ClassName=Sheet2 Member=Component J8_1 J
Added Member To Class: ClassName=Sheet1 Member=Component J8 J
Add Class Member: Failed to add class member : Component J9 J
Added Member To Class: ClassName=Sheet1 Member=Component R1 12K
Added Member To Class: ClassName=Sheet1 Member=Component R2 12K
Added Member To Class: ClassName=Sheet1 Member=Component R3 470
Added Member To Class: ClassName=Sheet1 Member=Component R4 470
Added Room: Name=Sheet1
Added Room: Name=Sheet2
