Added Component: Designator=C1(CAPC1608X90N)
Add component (AddParameter): Name = "Availability"; Value = "Unavailable"; VariantName = "[No Variations]"
Add component (AddParameter): Name = "MF"; Value = "{'manufacturer': u'Samsung Electro-Mechanics'}"; VariantName = "[No Variations]"
Add component (AddParameter): Name = "MP"; Value = "CL10B104KB8NNNC"; VariantName = "[No Variations]"
Add component (AddParameter): Name = "Package"; Value = "None"; VariantName = "[No Variations]"
Add component (AddParameter): Name = "Price"; Value = "None"; VariantName = "[No Variations]"
Add component (AddParameter): Name = "Value"; Value = ""; VariantName = "[No Variations]"
Added Component: Designator=C?(CAPC1608X90N)
Add component (AddParameter): Name = "Availability"; Value = "Unavailable"; VariantName = "[No Variations]"
Add component (AddParameter): Name = "MF"; Value = "{'manufacturer': u'Samsung Electro-Mechanics'}"; VariantName = "[No Variations]"
Add component (AddParameter): Name = "MP"; Value = "CL10B104KB8NNNC"; VariantName = "[No Variations]"
Add component (AddParameter): Name = "Package"; Value = "None"; VariantName = "[No Variations]"
Add component (AddParameter): Name = "Price"; Value = "None"; VariantName = "[No Variations]"
Add component (AddParameter): Name = "Value"; Value = ""; VariantName = "[No Variations]"
Added Component: Designator=C?(CAPC1608X90N)
Add component (AddParameter): Name = "Availability"; Value = "Unavailable"; VariantName = "[No Variations]"
Add component (AddParameter): Name = "MF"; Value = "{'manufacturer': u'Samsung Electro-Mechanics'}"; VariantName = "[No Variations]"
Add component (AddParameter): Name = "MP"; Value = "CL10B104KB8NNNC"; VariantName = "[No Variations]"
Add component (AddParameter): Name = "Package"; Value = "None"; VariantName = "[No Variations]"
Add component (AddParameter): Name = "Price"; Value = "None"; VariantName = "[No Variations]"
Add component (AddParameter): Name = "Value"; Value = ""; VariantName = "[No Variations]"
Added Component: Designator=C?(CAPC1608X90N)
Add component (AddParameter): Name = "Availability"; Value = "Unavailable"; VariantName = "[No Variations]"
Add component (AddParameter): Name = "MF"; Value = "{'manufacturer': u'Samsung Electro-Mechanics'}"; VariantName = "[No Variations]"
Add component (AddParameter): Name = "MP"; Value = "CL10B104KB8NNNC"; VariantName = "[No Variations]"
Add component (AddParameter): Name = "Package"; Value = "None"; VariantName = "[No Variations]"
Add component (AddParameter): Name = "Price"; Value = "None"; VariantName = "[No Variations]"
Add component (AddParameter): Name = "Value"; Value = ""; VariantName = "[No Variations]"
Added Component: Designator=C?(CAPC1608X90N)
Add component (AddParameter): Name = "Availability"; Value = "Unavailable"; VariantName = "[No Variations]"
Add component (AddParameter): Name = "MF"; Value = "{'manufacturer': u'Samsung Electro-Mechanics'}"; VariantName = "[No Variations]"
Add component (AddParameter): Name = "MP"; Value = "CL10B104KB8NNNC"; VariantName = "[No Variations]"
Add component (AddParameter): Name = "Package"; Value = "None"; VariantName = "[No Variations]"
Add component (AddParameter): Name = "Price"; Value = "None"; VariantName = "[No Variations]"
Add component (AddParameter): Name = "Value"; Value = ""; VariantName = "[No Variations]"
Added Component: Designator=C?(CAPC1608X90N)
Add component (AddParameter): Name = "Availability"; Value = "Unavailable"; VariantName = "[No Variations]"
Add component (AddParameter): Name = "MF"; Value = "{'manufacturer': u'Samsung Electro-Mechanics'}"; VariantName = "[No Variations]"
Add component (AddParameter): Name = "MP"; Value = "CL10B104KB8NNNC"; VariantName = "[No Variations]"
Add component (AddParameter): Name = "Package"; Value = "None"; VariantName = "[No Variations]"
Add component (AddParameter): Name = "Price"; Value = "None"; VariantName = "[No Variations]"
Add component (AddParameter): Name = "Value"; Value = ""; VariantName = "[No Variations]"
Added Component: Designator=C?(CAPC1608X90N)
Add component (AddParameter): Name = "Availability"; Value = "Unavailable"; VariantName = "[No Variations]"
Add component (AddParameter): Name = "MF"; Value = "{'manufacturer': u'Samsung Electro-Mechanics'}"; VariantName = "[No Variations]"
Add component (AddParameter): Name = "MP"; Value = "CL10B104KB8NNNC"; VariantName = "[No Variations]"
Add component (AddParameter): Name = "Package"; Value = "None"; VariantName = "[No Variations]"
Add component (AddParameter): Name = "Price"; Value = "None"; VariantName = "[No Variations]"
Add component (AddParameter): Name = "Value"; Value = ""; VariantName = "[No Variations]"
Added Component: Designator=C?(CAPC1608X90N)
Add component (AddParameter): Name = "Availability"; Value = "Unavailable"; VariantName = "[No Variations]"
Add component (AddParameter): Name = "MF"; Value = "{'manufacturer': u'Samsung Electro-Mechanics'}"; VariantName = "[No Variations]"
Add component (AddParameter): Name = "MP"; Value = "CL10B104KB8NNNC"; VariantName = "[No Variations]"
Add component (AddParameter): Name = "Package"; Value = "None"; VariantName = "[No Variations]"
Add component (AddParameter): Name = "Price"; Value = "None"; VariantName = "[No Variations]"
Add component (AddParameter): Name = "Value"; Value = ""; VariantName = "[No Variations]"
Added Component: Designator=C?(CAPC1608X90N)
Add component (AddParameter): Name = "Availability"; Value = "Unavailable"; VariantName = "[No Variations]"
Add component (AddParameter): Name = "MF"; Value = "{'manufacturer': u'Samsung Electro-Mechanics'}"; VariantName = "[No Variations]"
Add component (AddParameter): Name = "MP"; Value = "CL10B104KB8NNNC"; VariantName = "[No Variations]"
Add component (AddParameter): Name = "Package"; Value = "None"; VariantName = "[No Variations]"
Add component (AddParameter): Name = "Price"; Value = "None"; VariantName = "[No Variations]"
Add component (AddParameter): Name = "Value"; Value = ""; VariantName = "[No Variations]"
Added Component: Designator=C?(CAPC1608X90N)
Add component (AddParameter): Name = "Availability"; Value = "Unavailable"; VariantName = "[No Variations]"
Add component (AddParameter): Name = "MF"; Value = "{'manufacturer': u'Samsung Electro-Mechanics'}"; VariantName = "[No Variations]"
Add component (AddParameter): Name = "MP"; Value = "CL10B104KB8NNNC"; VariantName = "[No Variations]"
Add component (AddParameter): Name = "Package"; Value = "None"; VariantName = "[No Variations]"
Add component (AddParameter): Name = "Price"; Value = "None"; VariantName = "[No Variations]"
Add component (AddParameter): Name = "Value"; Value = ""; VariantName = "[No Variations]"
Added Component: Designator=C?(CAPC1608X90N)
Add component (AddParameter): Name = "Availability"; Value = "Unavailable"; VariantName = "[No Variations]"
Add component (AddParameter): Name = "MF"; Value = "{'manufacturer': u'Samsung Electro-Mechanics'}"; VariantName = "[No Variations]"
Add component (AddParameter): Name = "MP"; Value = "CL10B104KB8NNNC"; VariantName = "[No Variations]"
Add component (AddParameter): Name = "Package"; Value = "None"; VariantName = "[No Variations]"
Add component (AddParameter): Name = "Price"; Value = "None"; VariantName = "[No Variations]"
Add component (AddParameter): Name = "Value"; Value = ""; VariantName = "[No Variations]"
Added Component: Designator=C?(CAPC1608X90N)
Add component (AddParameter): Name = "Availability"; Value = "Unavailable"; VariantName = "[No Variations]"
Add component (AddParameter): Name = "MF"; Value = "{'manufacturer': u'Samsung Electro-Mechanics'}"; VariantName = "[No Variations]"
Add component (AddParameter): Name = "MP"; Value = "CL10B104KB8NNNC"; VariantName = "[No Variations]"
Add component (AddParameter): Name = "Package"; Value = "None"; VariantName = "[No Variations]"
Add component (AddParameter): Name = "Price"; Value = "None"; VariantName = "[No Variations]"
Add component (AddParameter): Name = "Value"; Value = ""; VariantName = "[No Variations]"
Added Component: Designator=C?(CAPC1608X90N)
Add component (AddParameter): Name = "Availability"; Value = "Unavailable"; VariantName = "[No Variations]"
Add component (AddParameter): Name = "MF"; Value = "{'manufacturer': u'Samsung Electro-Mechanics'}"; VariantName = "[No Variations]"
Add component (AddParameter): Name = "MP"; Value = "CL10B104KB8NNNC"; VariantName = "[No Variations]"
Add component (AddParameter): Name = "Package"; Value = "None"; VariantName = "[No Variations]"
Add component (AddParameter): Name = "Price"; Value = "None"; VariantName = "[No Variations]"
Add component (AddParameter): Name = "Value"; Value = ""; VariantName = "[No Variations]"
Added Component: Designator=C?(CAPC1608X90N)
Add component (AddParameter): Name = "Availability"; Value = "Unavailable"; VariantName = "[No Variations]"
Add component (AddParameter): Name = "MF"; Value = "{'manufacturer': u'Samsung Electro-Mechanics'}"; VariantName = "[No Variations]"
Add component (AddParameter): Name = "MP"; Value = "CL10B104KB8NNNC"; VariantName = "[No Variations]"
Add component (AddParameter): Name = "Package"; Value = "None"; VariantName = "[No Variations]"
Add component (AddParameter): Name = "Price"; Value = "None"; VariantName = "[No Variations]"
Add component (AddParameter): Name = "Value"; Value = ""; VariantName = "[No Variations]"
Added Component: Designator=C?(CAPC1608X90N)
Add component (AddParameter): Name = "Availability"; Value = "Unavailable"; VariantName = "[No Variations]"
Add component (AddParameter): Name = "MF"; Value = "{'manufacturer': u'Samsung Electro-Mechanics'}"; VariantName = "[No Variations]"
Add component (AddParameter): Name = "MP"; Value = "CL10B104KB8NNNC"; VariantName = "[No Variations]"
Add component (AddParameter): Name = "Package"; Value = "None"; VariantName = "[No Variations]"
Add component (AddParameter): Name = "Price"; Value = "None"; VariantName = "[No Variations]"
Add component (AddParameter): Name = "Value"; Value = ""; VariantName = "[No Variations]"
Added Component: Designator=C?(CAPC1608X90N)
Add component (AddParameter): Name = "Availability"; Value = "Unavailable"; VariantName = "[No Variations]"
Add component (AddParameter): Name = "MF"; Value = "{'manufacturer': u'Samsung Electro-Mechanics'}"; VariantName = "[No Variations]"
Add component (AddParameter): Name = "MP"; Value = "CL10B104KB8NNNC"; VariantName = "[No Variations]"
Add component (AddParameter): Name = "Package"; Value = "None"; VariantName = "[No Variations]"
Add component (AddParameter): Name = "Price"; Value = "None"; VariantName = "[No Variations]"
Add component (AddParameter): Name = "Value"; Value = ""; VariantName = "[No Variations]"
Added Component: Designator=C?(CAPC1608X90N)
Add component (AddParameter): Name = "Availability"; Value = "Unavailable"; VariantName = "[No Variations]"
Add component (AddParameter): Name = "MF"; Value = "{'manufacturer': u'Samsung Electro-Mechanics'}"; VariantName = "[No Variations]"
Add component (AddParameter): Name = "MP"; Value = "CL10B104KB8NNNC"; VariantName = "[No Variations]"
Add component (AddParameter): Name = "Package"; Value = "None"; VariantName = "[No Variations]"
Add component (AddParameter): Name = "Price"; Value = "None"; VariantName = "[No Variations]"
Add component (AddParameter): Name = "Value"; Value = ""; VariantName = "[No Variations]"
Added Component: Designator=C?(CAPC1608X90N)
Add component (AddParameter): Name = "Availability"; Value = "Unavailable"; VariantName = "[No Variations]"
Add component (AddParameter): Name = "MF"; Value = "{'manufacturer': u'Samsung Electro-Mechanics'}"; VariantName = "[No Variations]"
Add component (AddParameter): Name = "MP"; Value = "CL10B104KB8NNNC"; VariantName = "[No Variations]"
Add component (AddParameter): Name = "Package"; Value = "None"; VariantName = "[No Variations]"
Add component (AddParameter): Name = "Price"; Value = "None"; VariantName = "[No Variations]"
Add component (AddParameter): Name = "Value"; Value = ""; VariantName = "[No Variations]"
Added Component: Designator=C?(CAPC1608X90N)
Add component (AddParameter): Name = "Availability"; Value = "Unavailable"; VariantName = "[No Variations]"
Add component (AddParameter): Name = "MF"; Value = "{'manufacturer': u'Samsung Electro-Mechanics'}"; VariantName = "[No Variations]"
Add component (AddParameter): Name = "MP"; Value = "CL10B104KB8NNNC"; VariantName = "[No Variations]"
Add component (AddParameter): Name = "Package"; Value = "None"; VariantName = "[No Variations]"
Add component (AddParameter): Name = "Price"; Value = "None"; VariantName = "[No Variations]"
Add component (AddParameter): Name = "Value"; Value = ""; VariantName = "[No Variations]"
Added Component: Designator=C?(CAPC1608X90N)
Add component (AddParameter): Name = "Availability"; Value = "Unavailable"; VariantName = "[No Variations]"
Add component (AddParameter): Name = "MF"; Value = "{'manufacturer': u'Samsung Electro-Mechanics'}"; VariantName = "[No Variations]"
Add component (AddParameter): Name = "MP"; Value = "CL10B104KB8NNNC"; VariantName = "[No Variations]"
Add component (AddParameter): Name = "Package"; Value = "None"; VariantName = "[No Variations]"
Add component (AddParameter): Name = "Price"; Value = "None"; VariantName = "[No Variations]"
Add component (AddParameter): Name = "Value"; Value = ""; VariantName = "[No Variations]"
Added Component: Designator=C?(CAPC1608X90N)
Add component (AddParameter): Name = "Availability"; Value = "Unavailable"; VariantName = "[No Variations]"
Add component (AddParameter): Name = "MF"; Value = "{'manufacturer': u'Samsung Electro-Mechanics'}"; VariantName = "[No Variations]"
Add component (AddParameter): Name = "MP"; Value = "CL10B104KB8NNNC"; VariantName = "[No Variations]"
Add component (AddParameter): Name = "Package"; Value = "None"; VariantName = "[No Variations]"
Add component (AddParameter): Name = "Price"; Value = "None"; VariantName = "[No Variations]"
Add component (AddParameter): Name = "Value"; Value = ""; VariantName = "[No Variations]"
Added Component: Designator=C?(CAPC1608X90N)
Add component (AddParameter): Name = "Availability"; Value = "Unavailable"; VariantName = "[No Variations]"
Add component (AddParameter): Name = "MF"; Value = "{'manufacturer': u'Samsung Electro-Mechanics'}"; VariantName = "[No Variations]"
Add component (AddParameter): Name = "MP"; Value = "CL10B104KB8NNNC"; VariantName = "[No Variations]"
Add component (AddParameter): Name = "Package"; Value = "None"; VariantName = "[No Variations]"
Add component (AddParameter): Name = "Price"; Value = "None"; VariantName = "[No Variations]"
Add component (AddParameter): Name = "Value"; Value = ""; VariantName = "[No Variations]"
Added Component: Designator=C?(CAPC1608X90N)
Add component (AddParameter): Name = "Availability"; Value = "Unavailable"; VariantName = "[No Variations]"
Add component (AddParameter): Name = "MF"; Value = "{'manufacturer': u'Samsung Electro-Mechanics'}"; VariantName = "[No Variations]"
Add component (AddParameter): Name = "MP"; Value = "CL10B104KB8NNNC"; VariantName = "[No Variations]"
Add component (AddParameter): Name = "Package"; Value = "None"; VariantName = "[No Variations]"
Add component (AddParameter): Name = "Price"; Value = "None"; VariantName = "[No Variations]"
Add component (AddParameter): Name = "Value"; Value = ""; VariantName = "[No Variations]"
Added Component: Designator=C?(CAPC1608X90N)
Add component (AddParameter): Name = "Availability"; Value = "Unavailable"; VariantName = "[No Variations]"
Add component (AddParameter): Name = "MF"; Value = "{'manufacturer': u'Samsung Electro-Mechanics'}"; VariantName = "[No Variations]"
Add component (AddParameter): Name = "MP"; Value = "CL10B104KB8NNNC"; VariantName = "[No Variations]"
Add component (AddParameter): Name = "Package"; Value = "None"; VariantName = "[No Variations]"
Add component (AddParameter): Name = "Price"; Value = "None"; VariantName = "[No Variations]"
Add component (AddParameter): Name = "Value"; Value = ""; VariantName = "[No Variations]"
Added Component: Designator=D1(DIO_1N4148WS-G_RVG)
Added Component: Designator=D?(DIO_1N4148WS-G_RVG)
Added Component: Designator=D?(DIO_1N4148WS-G_RVG)
Added Component: Designator=D?(DIO_1N4148WS-G_RVG)
Added Component: Designator=D?(DIO_1N4148WS-G_RVG)
Added Component: Designator=D?(DIO_1N4148WS-G_RVG)
Added Component: Designator=D?(DIO_1N4148WS-G_RVG)
Added Component: Designator=D?(DIO_1N4148WS-G_RVG)
Added Component: Designator=D?(DIO_1N4148WS-G_RVG)
Added Component: Designator=D?(DIO_1N4148WS-G_RVG)
Added Component: Designator=D?(DIO_1N4148WS-G_RVG)
Added Component: Designator=D?(DIO_1N4148WS-G_RVG)
Added Component: Designator=D?(DIO_1N4148WS-G_RVG)
Added Component: Designator=D?(DIO_1N4148WS-G_RVG)
Added Component: Designator=D?(DIO_1N4148WS-G_RVG)
Added Component: Designator=D?(DIO_1N4148WS-G_RVG)
Added Component: Designator=D?(DIO_1N4148WS-G_RVG)
Added Component: Designator=D?(DIO_1N4148WS-G_RVG)
Added Component: Designator=D?(DIO_1N4148WS-G_RVG)
Added Component: Designator=D?(DIO_1N4148WS-G_RVG)
Added Component: Designator=D?(DIO_1N4148WS-G_RVG)
Added Component: Designator=D?(DIO_1N4148WS-G_RVG)
Added Component: Designator=D?(DIO_1N4148WS-G_RVG)
Added Component: Designator=D?(DIO_1N4148WS-G_RVG)
Added Component: Designator=K1(Relay)
Added Component: Designator=K?(Relay)
Added Component: Designator=K?(Relay)
Added Component: Designator=K?(Relay)
Added Component: Designator=K?(Relay)
Added Component: Designator=K?(Relay)
Added Component: Designator=K?(Relay)
Added Component: Designator=K?(Relay)
Added Component: Designator=K?(Relay)
Added Component: Designator=K?(Relay)
Added Component: Designator=K?(Relay)
Added Component: Designator=K?(Relay)
Added Component: Designator=K?(Relay)
Added Component: Designator=K?(Relay)
Added Component: Designator=K?(Relay)
Added Component: Designator=K?(Relay)
Added Component: Designator=K?(Relay)
Added Component: Designator=K?(Relay)
Added Component: Designator=K?(Relay)
Added Component: Designator=K?(Relay)
Added Component: Designator=K?(Relay)
Added Component: Designator=K?(Relay)
Added Component: Designator=K?(Relay)
Added Component: Designator=K?(Relay)
Added Component: Designator=Q1(SOT95P240X111-3N)
Add component (AddParameter): Name = "Availability"; Value = "Unavailable"; VariantName = "[No Variations]"
Add component (AddParameter): Name = "MF"; Value = "{'manufacturer': u'ON Semiconductor'}"; VariantName = "[No Variations]"
Add component (AddParameter): Name = "MP"; Value = "2N7002"; VariantName = "[No Variations]"
Add component (AddParameter): Name = "Package"; Value = "None"; VariantName = "[No Variations]"
Add component (AddParameter): Name = "Price"; Value = "None"; VariantName = "[No Variations]"
Add component (AddParameter): Name = "Value"; Value = ""; VariantName = "[No Variations]"
Added Component: Designator=Q?(SOT95P240X111-3N)
Add component (AddParameter): Name = "Availability"; Value = "Unavailable"; VariantName = "[No Variations]"
Add component (AddParameter): Name = "MF"; Value = "{'manufacturer': u'ON Semiconductor'}"; VariantName = "[No Variations]"
Add component (AddParameter): Name = "MP"; Value = "2N7002"; VariantName = "[No Variations]"
Add component (AddParameter): Name = "Package"; Value = "None"; VariantName = "[No Variations]"
Add component (AddParameter): Name = "Price"; Value = "None"; VariantName = "[No Variations]"
Add component (AddParameter): Name = "Value"; Value = ""; VariantName = "[No Variations]"
Added Component: Designator=Q?(SOT95P240X111-3N)
Add component (AddParameter): Name = "Availability"; Value = "Unavailable"; VariantName = "[No Variations]"
Add component (AddParameter): Name = "MF"; Value = "{'manufacturer': u'ON Semiconductor'}"; VariantName = "[No Variations]"
Add component (AddParameter): Name = "MP"; Value = "2N7002"; VariantName = "[No Variations]"
Add component (AddParameter): Name = "Package"; Value = "None"; VariantName = "[No Variations]"
Add component (AddParameter): Name = "Price"; Value = "None"; VariantName = "[No Variations]"
Add component (AddParameter): Name = "Value"; Value = ""; VariantName = "[No Variations]"
Added Component: Designator=Q?(SOT95P240X111-3N)
Add component (AddParameter): Name = "Availability"; Value = "Unavailable"; VariantName = "[No Variations]"
Add component (AddParameter): Name = "MF"; Value = "{'manufacturer': u'ON Semiconductor'}"; VariantName = "[No Variations]"
Add component (AddParameter): Name = "MP"; Value = "2N7002"; VariantName = "[No Variations]"
Add component (AddParameter): Name = "Package"; Value = "None"; VariantName = "[No Variations]"
Add component (AddParameter): Name = "Price"; Value = "None"; VariantName = "[No Variations]"
Add component (AddParameter): Name = "Value"; Value = ""; VariantName = "[No Variations]"
Added Component: Designator=Q?(SOT95P240X111-3N)
Add component (AddParameter): Name = "Availability"; Value = "Unavailable"; VariantName = "[No Variations]"
Add component (AddParameter): Name = "MF"; Value = "{'manufacturer': u'ON Semiconductor'}"; VariantName = "[No Variations]"
Add component (AddParameter): Name = "MP"; Value = "2N7002"; VariantName = "[No Variations]"
Add component (AddParameter): Name = "Package"; Value = "None"; VariantName = "[No Variations]"
Add component (AddParameter): Name = "Price"; Value = "None"; VariantName = "[No Variations]"
Add component (AddParameter): Name = "Value"; Value = ""; VariantName = "[No Variations]"
Added Component: Designator=Q?(SOT95P240X111-3N)
Add component (AddParameter): Name = "Availability"; Value = "Unavailable"; VariantName = "[No Variations]"
Add component (AddParameter): Name = "MF"; Value = "{'manufacturer': u'ON Semiconductor'}"; VariantName = "[No Variations]"
Add component (AddParameter): Name = "MP"; Value = "2N7002"; VariantName = "[No Variations]"
Add component (AddParameter): Name = "Package"; Value = "None"; VariantName = "[No Variations]"
Add component (AddParameter): Name = "Price"; Value = "None"; VariantName = "[No Variations]"
Add component (AddParameter): Name = "Value"; Value = ""; VariantName = "[No Variations]"
Added Component: Designator=Q?(SOT95P240X111-3N)
Add component (AddParameter): Name = "Availability"; Value = "Unavailable"; VariantName = "[No Variations]"
Add component (AddParameter): Name = "MF"; Value = "{'manufacturer': u'ON Semiconductor'}"; VariantName = "[No Variations]"
Add component (AddParameter): Name = "MP"; Value = "2N7002"; VariantName = "[No Variations]"
Add component (AddParameter): Name = "Package"; Value = "None"; VariantName = "[No Variations]"
Add component (AddParameter): Name = "Price"; Value = "None"; VariantName = "[No Variations]"
Add component (AddParameter): Name = "Value"; Value = ""; VariantName = "[No Variations]"
Added Component: Designator=Q?(SOT95P240X111-3N)
Add component (AddParameter): Name = "Availability"; Value = "Unavailable"; VariantName = "[No Variations]"
Add component (AddParameter): Name = "MF"; Value = "{'manufacturer': u'ON Semiconductor'}"; VariantName = "[No Variations]"
Add component (AddParameter): Name = "MP"; Value = "2N7002"; VariantName = "[No Variations]"
Add component (AddParameter): Name = "Package"; Value = "None"; VariantName = "[No Variations]"
Add component (AddParameter): Name = "Price"; Value = "None"; VariantName = "[No Variations]"
Add component (AddParameter): Name = "Value"; Value = ""; VariantName = "[No Variations]"
Added Component: Designator=Q?(SOT95P240X111-3N)
Add component (AddParameter): Name = "Availability"; Value = "Unavailable"; VariantName = "[No Variations]"
Add component (AddParameter): Name = "MF"; Value = "{'manufacturer': u'ON Semiconductor'}"; VariantName = "[No Variations]"
Add component (AddParameter): Name = "MP"; Value = "2N7002"; VariantName = "[No Variations]"
Add component (AddParameter): Name = "Package"; Value = "None"; VariantName = "[No Variations]"
Add component (AddParameter): Name = "Price"; Value = "None"; VariantName = "[No Variations]"
Add component (AddParameter): Name = "Value"; Value = ""; VariantName = "[No Variations]"
Added Component: Designator=Q?(SOT95P240X111-3N)
Add component (AddParameter): Name = "Availability"; Value = "Unavailable"; VariantName = "[No Variations]"
Add component (AddParameter): Name = "MF"; Value = "{'manufacturer': u'ON Semiconductor'}"; VariantName = "[No Variations]"
Add component (AddParameter): Name = "MP"; Value = "2N7002"; VariantName = "[No Variations]"
Add component (AddParameter): Name = "Package"; Value = "None"; VariantName = "[No Variations]"
Add component (AddParameter): Name = "Price"; Value = "None"; VariantName = "[No Variations]"
Add component (AddParameter): Name = "Value"; Value = ""; VariantName = "[No Variations]"
Added Component: Designator=Q?(SOT95P240X111-3N)
Add component (AddParameter): Name = "Availability"; Value = "Unavailable"; VariantName = "[No Variations]"
Add component (AddParameter): Name = "MF"; Value = "{'manufacturer': u'ON Semiconductor'}"; VariantName = "[No Variations]"
Add component (AddParameter): Name = "MP"; Value = "2N7002"; VariantName = "[No Variations]"
Add component (AddParameter): Name = "Package"; Value = "None"; VariantName = "[No Variations]"
Add component (AddParameter): Name = "Price"; Value = "None"; VariantName = "[No Variations]"
Add component (AddParameter): Name = "Value"; Value = ""; VariantName = "[No Variations]"
Added Component: Designator=Q?(SOT95P240X111-3N)
Add component (AddParameter): Name = "Availability"; Value = "Unavailable"; VariantName = "[No Variations]"
Add component (AddParameter): Name = "MF"; Value = "{'manufacturer': u'ON Semiconductor'}"; VariantName = "[No Variations]"
Add component (AddParameter): Name = "MP"; Value = "2N7002"; VariantName = "[No Variations]"
Add component (AddParameter): Name = "Package"; Value = "None"; VariantName = "[No Variations]"
Add component (AddParameter): Name = "Price"; Value = "None"; VariantName = "[No Variations]"
Add component (AddParameter): Name = "Value"; Value = ""; VariantName = "[No Variations]"
Added Component: Designator=Q?(SOT95P240X111-3N)
Add component (AddParameter): Name = "Availability"; Value = "Unavailable"; VariantName = "[No Variations]"
Add component (AddParameter): Name = "MF"; Value = "{'manufacturer': u'ON Semiconductor'}"; VariantName = "[No Variations]"
Add component (AddParameter): Name = "MP"; Value = "2N7002"; VariantName = "[No Variations]"
Add component (AddParameter): Name = "Package"; Value = "None"; VariantName = "[No Variations]"
Add component (AddParameter): Name = "Price"; Value = "None"; VariantName = "[No Variations]"
Add component (AddParameter): Name = "Value"; Value = ""; VariantName = "[No Variations]"
Added Component: Designator=Q?(SOT95P240X111-3N)
Add component (AddParameter): Name = "Availability"; Value = "Unavailable"; VariantName = "[No Variations]"
Add component (AddParameter): Name = "MF"; Value = "{'manufacturer': u'ON Semiconductor'}"; VariantName = "[No Variations]"
Add component (AddParameter): Name = "MP"; Value = "2N7002"; VariantName = "[No Variations]"
Add component (AddParameter): Name = "Package"; Value = "None"; VariantName = "[No Variations]"
Add component (AddParameter): Name = "Price"; Value = "None"; VariantName = "[No Variations]"
Add component (AddParameter): Name = "Value"; Value = ""; VariantName = "[No Variations]"
Added Component: Designator=Q?(SOT95P240X111-3N)
Add component (AddParameter): Name = "Availability"; Value = "Unavailable"; VariantName = "[No Variations]"
Add component (AddParameter): Name = "MF"; Value = "{'manufacturer': u'ON Semiconductor'}"; VariantName = "[No Variations]"
Add component (AddParameter): Name = "MP"; Value = "2N7002"; VariantName = "[No Variations]"
Add component (AddParameter): Name = "Package"; Value = "None"; VariantName = "[No Variations]"
Add component (AddParameter): Name = "Price"; Value = "None"; VariantName = "[No Variations]"
Add component (AddParameter): Name = "Value"; Value = ""; VariantName = "[No Variations]"
Added Component: Designator=Q?(SOT95P240X111-3N)
Add component (AddParameter): Name = "Availability"; Value = "Unavailable"; VariantName = "[No Variations]"
Add component (AddParameter): Name = "MF"; Value = "{'manufacturer': u'ON Semiconductor'}"; VariantName = "[No Variations]"
Add component (AddParameter): Name = "MP"; Value = "2N7002"; VariantName = "[No Variations]"
Add component (AddParameter): Name = "Package"; Value = "None"; VariantName = "[No Variations]"
Add component (AddParameter): Name = "Price"; Value = "None"; VariantName = "[No Variations]"
Add component (AddParameter): Name = "Value"; Value = ""; VariantName = "[No Variations]"
Added Component: Designator=Q?(SOT95P240X111-3N)
Add component (AddParameter): Name = "Availability"; Value = "Unavailable"; VariantName = "[No Variations]"
Add component (AddParameter): Name = "MF"; Value = "{'manufacturer': u'ON Semiconductor'}"; VariantName = "[No Variations]"
Add component (AddParameter): Name = "MP"; Value = "2N7002"; VariantName = "[No Variations]"
Add component (AddParameter): Name = "Package"; Value = "None"; VariantName = "[No Variations]"
Add component (AddParameter): Name = "Price"; Value = "None"; VariantName = "[No Variations]"
Add component (AddParameter): Name = "Value"; Value = ""; VariantName = "[No Variations]"
Added Component: Designator=Q?(SOT95P240X111-3N)
Add component (AddParameter): Name = "Availability"; Value = "Unavailable"; VariantName = "[No Variations]"
Add component (AddParameter): Name = "MF"; Value = "{'manufacturer': u'ON Semiconductor'}"; VariantName = "[No Variations]"
Add component (AddParameter): Name = "MP"; Value = "2N7002"; VariantName = "[No Variations]"
Add component (AddParameter): Name = "Package"; Value = "None"; VariantName = "[No Variations]"
Add component (AddParameter): Name = "Price"; Value = "None"; VariantName = "[No Variations]"
Add component (AddParameter): Name = "Value"; Value = ""; VariantName = "[No Variations]"
Added Component: Designator=Q?(SOT95P240X111-3N)
Add component (AddParameter): Name = "Availability"; Value = "Unavailable"; VariantName = "[No Variations]"
Add component (AddParameter): Name = "MF"; Value = "{'manufacturer': u'ON Semiconductor'}"; VariantName = "[No Variations]"
Add component (AddParameter): Name = "MP"; Value = "2N7002"; VariantName = "[No Variations]"
Add component (AddParameter): Name = "Package"; Value = "None"; VariantName = "[No Variations]"
Add component (AddParameter): Name = "Price"; Value = "None"; VariantName = "[No Variations]"
Add component (AddParameter): Name = "Value"; Value = ""; VariantName = "[No Variations]"
Added Component: Designator=Q?(SOT95P240X111-3N)
Add component (AddParameter): Name = "Availability"; Value = "Unavailable"; VariantName = "[No Variations]"
Add component (AddParameter): Name = "MF"; Value = "{'manufacturer': u'ON Semiconductor'}"; VariantName = "[No Variations]"
Add component (AddParameter): Name = "MP"; Value = "2N7002"; VariantName = "[No Variations]"
Add component (AddParameter): Name = "Package"; Value = "None"; VariantName = "[No Variations]"
Add component (AddParameter): Name = "Price"; Value = "None"; VariantName = "[No Variations]"
Add component (AddParameter): Name = "Value"; Value = ""; VariantName = "[No Variations]"
Added Component: Designator=Q?(SOT95P240X111-3N)
Add component (AddParameter): Name = "Availability"; Value = "Unavailable"; VariantName = "[No Variations]"
Add component (AddParameter): Name = "MF"; Value = "{'manufacturer': u'ON Semiconductor'}"; VariantName = "[No Variations]"
Add component (AddParameter): Name = "MP"; Value = "2N7002"; VariantName = "[No Variations]"
Add component (AddParameter): Name = "Package"; Value = "None"; VariantName = "[No Variations]"
Add component (AddParameter): Name = "Price"; Value = "None"; VariantName = "[No Variations]"
Add component (AddParameter): Name = "Value"; Value = ""; VariantName = "[No Variations]"
Added Component: Designator=Q?(SOT95P240X111-3N)
Add component (AddParameter): Name = "Availability"; Value = "Unavailable"; VariantName = "[No Variations]"
Add component (AddParameter): Name = "MF"; Value = "{'manufacturer': u'ON Semiconductor'}"; VariantName = "[No Variations]"
Add component (AddParameter): Name = "MP"; Value = "2N7002"; VariantName = "[No Variations]"
Add component (AddParameter): Name = "Package"; Value = "None"; VariantName = "[No Variations]"
Add component (AddParameter): Name = "Price"; Value = "None"; VariantName = "[No Variations]"
Add component (AddParameter): Name = "Value"; Value = ""; VariantName = "[No Variations]"
Added Component: Designator=Q?(SOT95P240X111-3N)
Add component (AddParameter): Name = "Availability"; Value = "Unavailable"; VariantName = "[No Variations]"
Add component (AddParameter): Name = "MF"; Value = "{'manufacturer': u'ON Semiconductor'}"; VariantName = "[No Variations]"
Add component (AddParameter): Name = "MP"; Value = "2N7002"; VariantName = "[No Variations]"
Add component (AddParameter): Name = "Package"; Value = "None"; VariantName = "[No Variations]"
Add component (AddParameter): Name = "Price"; Value = "None"; VariantName = "[No Variations]"
Add component (AddParameter): Name = "Value"; Value = ""; VariantName = "[No Variations]"
Added Component: Designator=Q?(SOT95P240X111-3N)
Add component (AddParameter): Name = "Availability"; Value = "Unavailable"; VariantName = "[No Variations]"
Add component (AddParameter): Name = "MF"; Value = "{'manufacturer': u'ON Semiconductor'}"; VariantName = "[No Variations]"
Add component (AddParameter): Name = "MP"; Value = "2N7002"; VariantName = "[No Variations]"
Add component (AddParameter): Name = "Package"; Value = "None"; VariantName = "[No Variations]"
Add component (AddParameter): Name = "Price"; Value = "None"; VariantName = "[No Variations]"
Add component (AddParameter): Name = "Value"; Value = ""; VariantName = "[No Variations]"
Added Component: Designator=R1(RESC1608X50N)
Add component (AddParameter): Name = "Availability"; Value = "Unavailable"; VariantName = "[No Variations]"
Add component (AddParameter): Name = "MF"; Value = "{'manufacturer': u'TE Connectivity'}"; VariantName = "[No Variations]"
Add component (AddParameter): Name = "MP"; Value = "6-1879335-5"; VariantName = "[No Variations]"
Add component (AddParameter): Name = "Package"; Value = "None"; VariantName = "[No Variations]"
Add component (AddParameter): Name = "Price"; Value = "None"; VariantName = "[No Variations]"
Add component (AddParameter): Name = "Value"; Value = ""; VariantName = "[No Variations]"
Added Component: Designator=R2(RESC1608X50N)
Add component (AddParameter): Name = "Availability"; Value = "Unavailable"; VariantName = "[No Variations]"
Add component (AddParameter): Name = "MF"; Value = "{'manufacturer': u'TE Connectivity'}"; VariantName = "[No Variations]"
Add component (AddParameter): Name = "MP"; Value = "6-1879335-5"; VariantName = "[No Variations]"
Add component (AddParameter): Name = "Package"; Value = "None"; VariantName = "[No Variations]"
Add component (AddParameter): Name = "Price"; Value = "None"; VariantName = "[No Variations]"
Add component (AddParameter): Name = "Value"; Value = ""; VariantName = "[No Variations]"
Added Component: Designator=R?(RESC1608X50N)
Add component (AddParameter): Name = "Availability"; Value = "Unavailable"; VariantName = "[No Variations]"
Add component (AddParameter): Name = "MF"; Value = "{'manufacturer': u'TE Connectivity'}"; VariantName = "[No Variations]"
Add component (AddParameter): Name = "MP"; Value = "6-1879335-5"; VariantName = "[No Variations]"
Add component (AddParameter): Name = "Package"; Value = "None"; VariantName = "[No Variations]"
Add component (AddParameter): Name = "Price"; Value = "None"; VariantName = "[No Variations]"
Add component (AddParameter): Name = "Value"; Value = ""; VariantName = "[No Variations]"
Added Component: Designator=R?(RESC1608X50N)
Add component (AddParameter): Name = "Availability"; Value = "Unavailable"; VariantName = "[No Variations]"
Add component (AddParameter): Name = "MF"; Value = "{'manufacturer': u'TE Connectivity'}"; VariantName = "[No Variations]"
Add component (AddParameter): Name = "MP"; Value = "6-1879335-5"; VariantName = "[No Variations]"
Add component (AddParameter): Name = "Package"; Value = "None"; VariantName = "[No Variations]"
Add component (AddParameter): Name = "Price"; Value = "None"; VariantName = "[No Variations]"
Add component (AddParameter): Name = "Value"; Value = ""; VariantName = "[No Variations]"
Added Component: Designator=R?(RESC1608X50N)
Add component (AddParameter): Name = "Availability"; Value = "Unavailable"; VariantName = "[No Variations]"
Add component (AddParameter): Name = "MF"; Value = "{'manufacturer': u'TE Connectivity'}"; VariantName = "[No Variations]"
Add component (AddParameter): Name = "MP"; Value = "6-1879335-5"; VariantName = "[No Variations]"
Add component (AddParameter): Name = "Package"; Value = "None"; VariantName = "[No Variations]"
Add component (AddParameter): Name = "Price"; Value = "None"; VariantName = "[No Variations]"
Add component (AddParameter): Name = "Value"; Value = ""; VariantName = "[No Variations]"
Added Component: Designator=R?(RESC1608X50N)
Add component (AddParameter): Name = "Availability"; Value = "Unavailable"; VariantName = "[No Variations]"
Add component (AddParameter): Name = "MF"; Value = "{'manufacturer': u'TE Connectivity'}"; VariantName = "[No Variations]"
Add component (AddParameter): Name = "MP"; Value = "6-1879335-5"; VariantName = "[No Variations]"
Add component (AddParameter): Name = "Package"; Value = "None"; VariantName = "[No Variations]"
Add component (AddParameter): Name = "Price"; Value = "None"; VariantName = "[No Variations]"
Add component (AddParameter): Name = "Value"; Value = ""; VariantName = "[No Variations]"
Added Component: Designator=R?(RESC1608X50N)
Add component (AddParameter): Name = "Availability"; Value = "Unavailable"; VariantName = "[No Variations]"
Add component (AddParameter): Name = "MF"; Value = "{'manufacturer': u'TE Connectivity'}"; VariantName = "[No Variations]"
Add component (AddParameter): Name = "MP"; Value = "6-1879335-5"; VariantName = "[No Variations]"
Add component (AddParameter): Name = "Package"; Value = "None"; VariantName = "[No Variations]"
Add component (AddParameter): Name = "Price"; Value = "None"; VariantName = "[No Variations]"
Add component (AddParameter): Name = "Value"; Value = ""; VariantName = "[No Variations]"
Added Component: Designator=R?(RESC1608X50N)
Add component (AddParameter): Name = "Availability"; Value = "Unavailable"; VariantName = "[No Variations]"
Add component (AddParameter): Name = "MF"; Value = "{'manufacturer': u'TE Connectivity'}"; VariantName = "[No Variations]"
Add component (AddParameter): Name = "MP"; Value = "6-1879335-5"; VariantName = "[No Variations]"
Add component (AddParameter): Name = "Package"; Value = "None"; VariantName = "[No Variations]"
Add component (AddParameter): Name = "Price"; Value = "None"; VariantName = "[No Variations]"
Add component (AddParameter): Name = "Value"; Value = ""; VariantName = "[No Variations]"
Added Component: Designator=R?(RESC1608X50N)
Add component (AddParameter): Name = "Availability"; Value = "Unavailable"; VariantName = "[No Variations]"
Add component (AddParameter): Name = "MF"; Value = "{'manufacturer': u'TE Connectivity'}"; VariantName = "[No Variations]"
Add component (AddParameter): Name = "MP"; Value = "6-1879335-5"; VariantName = "[No Variations]"
Add component (AddParameter): Name = "Package"; Value = "None"; VariantName = "[No Variations]"
Add component (AddParameter): Name = "Price"; Value = "None"; VariantName = "[No Variations]"
Add component (AddParameter): Name = "Value"; Value = ""; VariantName = "[No Variations]"
Added Component: Designator=R?(RESC1608X50N)
Add component (AddParameter): Name = "Availability"; Value = "Unavailable"; VariantName = "[No Variations]"
Add component (AddParameter): Name = "MF"; Value = "{'manufacturer': u'TE Connectivity'}"; VariantName = "[No Variations]"
Add component (AddParameter): Name = "MP"; Value = "6-1879335-5"; VariantName = "[No Variations]"
Add component (AddParameter): Name = "Package"; Value = "None"; VariantName = "[No Variations]"
Add component (AddParameter): Name = "Price"; Value = "None"; VariantName = "[No Variations]"
Add component (AddParameter): Name = "Value"; Value = ""; VariantName = "[No Variations]"
Added Component: Designator=R?(RESC1608X50N)
Add component (AddParameter): Name = "Availability"; Value = "Unavailable"; VariantName = "[No Variations]"
Add component (AddParameter): Name = "MF"; Value = "{'manufacturer': u'TE Connectivity'}"; VariantName = "[No Variations]"
Add component (AddParameter): Name = "MP"; Value = "6-1879335-5"; VariantName = "[No Variations]"
Add component (AddParameter): Name = "Package"; Value = "None"; VariantName = "[No Variations]"
Add component (AddParameter): Name = "Price"; Value = "None"; VariantName = "[No Variations]"
Add component (AddParameter): Name = "Value"; Value = ""; VariantName = "[No Variations]"
Added Component: Designator=R?(RESC1608X50N)
Add component (AddParameter): Name = "Availability"; Value = "Unavailable"; VariantName = "[No Variations]"
Add component (AddParameter): Name = "MF"; Value = "{'manufacturer': u'TE Connectivity'}"; VariantName = "[No Variations]"
Add component (AddParameter): Name = "MP"; Value = "6-1879335-5"; VariantName = "[No Variations]"
Add component (AddParameter): Name = "Package"; Value = "None"; VariantName = "[No Variations]"
Add component (AddParameter): Name = "Price"; Value = "None"; VariantName = "[No Variations]"
Add component (AddParameter): Name = "Value"; Value = ""; VariantName = "[No Variations]"
Added Component: Designator=R?(RESC1608X50N)
Add component (AddParameter): Name = "Availability"; Value = "Unavailable"; VariantName = "[No Variations]"
Add component (AddParameter): Name = "MF"; Value = "{'manufacturer': u'TE Connectivity'}"; VariantName = "[No Variations]"
Add component (AddParameter): Name = "MP"; Value = "6-1879335-5"; VariantName = "[No Variations]"
Add component (AddParameter): Name = "Package"; Value = "None"; VariantName = "[No Variations]"
Add component (AddParameter): Name = "Price"; Value = "None"; VariantName = "[No Variations]"
Add component (AddParameter): Name = "Value"; Value = ""; VariantName = "[No Variations]"
Added Component: Designator=R?(RESC1608X50N)
Add component (AddParameter): Name = "Availability"; Value = "Unavailable"; VariantName = "[No Variations]"
Add component (AddParameter): Name = "MF"; Value = "{'manufacturer': u'TE Connectivity'}"; VariantName = "[No Variations]"
Add component (AddParameter): Name = "MP"; Value = "6-1879335-5"; VariantName = "[No Variations]"
Add component (AddParameter): Name = "Package"; Value = "None"; VariantName = "[No Variations]"
Add component (AddParameter): Name = "Price"; Value = "None"; VariantName = "[No Variations]"
Add component (AddParameter): Name = "Value"; Value = ""; VariantName = "[No Variations]"
Added Component: Designator=R?(RESC1608X50N)
Add component (AddParameter): Name = "Availability"; Value = "Unavailable"; VariantName = "[No Variations]"
Add component (AddParameter): Name = "MF"; Value = "{'manufacturer': u'TE Connectivity'}"; VariantName = "[No Variations]"
Add component (AddParameter): Name = "MP"; Value = "6-1879335-5"; VariantName = "[No Variations]"
Add component (AddParameter): Name = "Package"; Value = "None"; VariantName = "[No Variations]"
Add component (AddParameter): Name = "Price"; Value = "None"; VariantName = "[No Variations]"
Add component (AddParameter): Name = "Value"; Value = ""; VariantName = "[No Variations]"
Added Component: Designator=R?(RESC1608X50N)
Add component (AddParameter): Name = "Availability"; Value = "Unavailable"; VariantName = "[No Variations]"
Add component (AddParameter): Name = "MF"; Value = "{'manufacturer': u'TE Connectivity'}"; VariantName = "[No Variations]"
Add component (AddParameter): Name = "MP"; Value = "6-1879335-5"; VariantName = "[No Variations]"
Add component (AddParameter): Name = "Package"; Value = "None"; VariantName = "[No Variations]"
Add component (AddParameter): Name = "Price"; Value = "None"; VariantName = "[No Variations]"
Add component (AddParameter): Name = "Value"; Value = ""; VariantName = "[No Variations]"
Added Component: Designator=R?(RESC1608X50N)
Add component (AddParameter): Name = "Availability"; Value = "Unavailable"; VariantName = "[No Variations]"
Add component (AddParameter): Name = "MF"; Value = "{'manufacturer': u'TE Connectivity'}"; VariantName = "[No Variations]"
Add component (AddParameter): Name = "MP"; Value = "6-1879335-5"; VariantName = "[No Variations]"
Add component (AddParameter): Name = "Package"; Value = "None"; VariantName = "[No Variations]"
Add component (AddParameter): Name = "Price"; Value = "None"; VariantName = "[No Variations]"
Add component (AddParameter): Name = "Value"; Value = ""; VariantName = "[No Variations]"
Added Component: Designator=R?(RESC1608X50N)
Add component (AddParameter): Name = "Availability"; Value = "Unavailable"; VariantName = "[No Variations]"
Add component (AddParameter): Name = "MF"; Value = "{'manufacturer': u'TE Connectivity'}"; VariantName = "[No Variations]"
Add component (AddParameter): Name = "MP"; Value = "6-1879335-5"; VariantName = "[No Variations]"
Add component (AddParameter): Name = "Package"; Value = "None"; VariantName = "[No Variations]"
Add component (AddParameter): Name = "Price"; Value = "None"; VariantName = "[No Variations]"
Add component (AddParameter): Name = "Value"; Value = ""; VariantName = "[No Variations]"
Added Component: Designator=R?(RESC1608X50N)
Add component (AddParameter): Name = "Availability"; Value = "Unavailable"; VariantName = "[No Variations]"
Add component (AddParameter): Name = "MF"; Value = "{'manufacturer': u'TE Connectivity'}"; VariantName = "[No Variations]"
Add component (AddParameter): Name = "MP"; Value = "6-1879335-5"; VariantName = "[No Variations]"
Add component (AddParameter): Name = "Package"; Value = "None"; VariantName = "[No Variations]"
Add component (AddParameter): Name = "Price"; Value = "None"; VariantName = "[No Variations]"
Add component (AddParameter): Name = "Value"; Value = ""; VariantName = "[No Variations]"
Added Component: Designator=R?(RESC1608X50N)
Add component (AddParameter): Name = "Availability"; Value = "Unavailable"; VariantName = "[No Variations]"
Add component (AddParameter): Name = "MF"; Value = "{'manufacturer': u'TE Connectivity'}"; VariantName = "[No Variations]"
Add component (AddParameter): Name = "MP"; Value = "6-1879335-5"; VariantName = "[No Variations]"
Add component (AddParameter): Name = "Package"; Value = "None"; VariantName = "[No Variations]"
Add component (AddParameter): Name = "Price"; Value = "None"; VariantName = "[No Variations]"
Add component (AddParameter): Name = "Value"; Value = ""; VariantName = "[No Variations]"
Added Component: Designator=R?(RESC1608X50N)
Add component (AddParameter): Name = "Availability"; Value = "Unavailable"; VariantName = "[No Variations]"
Add component (AddParameter): Name = "MF"; Value = "{'manufacturer': u'TE Connectivity'}"; VariantName = "[No Variations]"
Add component (AddParameter): Name = "MP"; Value = "6-1879335-5"; VariantName = "[No Variations]"
Add component (AddParameter): Name = "Package"; Value = "None"; VariantName = "[No Variations]"
Add component (AddParameter): Name = "Price"; Value = "None"; VariantName = "[No Variations]"
Add component (AddParameter): Name = "Value"; Value = ""; VariantName = "[No Variations]"
Added Component: Designator=R?(RESC1608X50N)
Add component (AddParameter): Name = "Availability"; Value = "Unavailable"; VariantName = "[No Variations]"
Add component (AddParameter): Name = "MF"; Value = "{'manufacturer': u'TE Connectivity'}"; VariantName = "[No Variations]"
Add component (AddParameter): Name = "MP"; Value = "6-1879335-5"; VariantName = "[No Variations]"
Add component (AddParameter): Name = "Package"; Value = "None"; VariantName = "[No Variations]"
Add component (AddParameter): Name = "Price"; Value = "None"; VariantName = "[No Variations]"
Add component (AddParameter): Name = "Value"; Value = ""; VariantName = "[No Variations]"
Added Component: Designator=R?(RESC1608X50N)
Add component (AddParameter): Name = "Availability"; Value = "Unavailable"; VariantName = "[No Variations]"
Add component (AddParameter): Name = "MF"; Value = "{'manufacturer': u'TE Connectivity'}"; VariantName = "[No Variations]"
Add component (AddParameter): Name = "MP"; Value = "6-1879335-5"; VariantName = "[No Variations]"
Add component (AddParameter): Name = "Package"; Value = "None"; VariantName = "[No Variations]"
Add component (AddParameter): Name = "Price"; Value = "None"; VariantName = "[No Variations]"
Add component (AddParameter): Name = "Value"; Value = ""; VariantName = "[No Variations]"
Added Component: Designator=R?(RESC1608X50N)
Add component (AddParameter): Name = "Availability"; Value = "Unavailable"; VariantName = "[No Variations]"
Add component (AddParameter): Name = "MF"; Value = "{'manufacturer': u'TE Connectivity'}"; VariantName = "[No Variations]"
Add component (AddParameter): Name = "MP"; Value = "6-1879335-5"; VariantName = "[No Variations]"
Add component (AddParameter): Name = "Package"; Value = "None"; VariantName = "[No Variations]"
Add component (AddParameter): Name = "Price"; Value = "None"; VariantName = "[No Variations]"
Add component (AddParameter): Name = "Value"; Value = ""; VariantName = "[No Variations]"
Added Component: Designator=R?(RESC1608X50N)
Add component (AddParameter): Name = "Availability"; Value = "Unavailable"; VariantName = "[No Variations]"
Add component (AddParameter): Name = "MF"; Value = "{'manufacturer': u'TE Connectivity'}"; VariantName = "[No Variations]"
Add component (AddParameter): Name = "MP"; Value = "6-1879335-5"; VariantName = "[No Variations]"
Add component (AddParameter): Name = "Package"; Value = "None"; VariantName = "[No Variations]"
Add component (AddParameter): Name = "Price"; Value = "None"; VariantName = "[No Variations]"
Add component (AddParameter): Name = "Value"; Value = ""; VariantName = "[No Variations]"
Added Component: Designator=R?(RESC1608X50N)
Add component (AddParameter): Name = "Availability"; Value = "Unavailable"; VariantName = "[No Variations]"
Add component (AddParameter): Name = "MF"; Value = "{'manufacturer': u'TE Connectivity'}"; VariantName = "[No Variations]"
Add component (AddParameter): Name = "MP"; Value = "6-1879335-5"; VariantName = "[No Variations]"
Add component (AddParameter): Name = "Package"; Value = "None"; VariantName = "[No Variations]"
Add component (AddParameter): Name = "Price"; Value = "None"; VariantName = "[No Variations]"
Add component (AddParameter): Name = "Value"; Value = ""; VariantName = "[No Variations]"
Added Component: Designator=R?(RESC1608X50N)
Add component (AddParameter): Name = "Availability"; Value = "Unavailable"; VariantName = "[No Variations]"
Add component (AddParameter): Name = "MF"; Value = "{'manufacturer': u'TE Connectivity'}"; VariantName = "[No Variations]"
Add component (AddParameter): Name = "MP"; Value = "6-1879335-5"; VariantName = "[No Variations]"
Add component (AddParameter): Name = "Package"; Value = "None"; VariantName = "[No Variations]"
Add component (AddParameter): Name = "Price"; Value = "None"; VariantName = "[No Variations]"
Add component (AddParameter): Name = "Value"; Value = ""; VariantName = "[No Variations]"
Added Component: Designator=R?(RESC1608X50N)
Add component (AddParameter): Name = "Availability"; Value = "Unavailable"; VariantName = "[No Variations]"
Add component (AddParameter): Name = "MF"; Value = "{'manufacturer': u'TE Connectivity'}"; VariantName = "[No Variations]"
Add component (AddParameter): Name = "MP"; Value = "6-1879335-5"; VariantName = "[No Variations]"
Add component (AddParameter): Name = "Package"; Value = "None"; VariantName = "[No Variations]"
Add component (AddParameter): Name = "Price"; Value = "None"; VariantName = "[No Variations]"
Add component (AddParameter): Name = "Value"; Value = ""; VariantName = "[No Variations]"
Added Component: Designator=R?(RESC1608X50N)
Add component (AddParameter): Name = "Availability"; Value = "Unavailable"; VariantName = "[No Variations]"
Add component (AddParameter): Name = "MF"; Value = "{'manufacturer': u'TE Connectivity'}"; VariantName = "[No Variations]"
Add component (AddParameter): Name = "MP"; Value = "6-1879335-5"; VariantName = "[No Variations]"
Add component (AddParameter): Name = "Package"; Value = "None"; VariantName = "[No Variations]"
Add component (AddParameter): Name = "Price"; Value = "None"; VariantName = "[No Variations]"
Add component (AddParameter): Name = "Value"; Value = ""; VariantName = "[No Variations]"
Added Component: Designator=R?(RESC1608X50N)
Add component (AddParameter): Name = "Availability"; Value = "Unavailable"; VariantName = "[No Variations]"
Add component (AddParameter): Name = "MF"; Value = "{'manufacturer': u'TE Connectivity'}"; VariantName = "[No Variations]"
Add component (AddParameter): Name = "MP"; Value = "6-1879335-5"; VariantName = "[No Variations]"
Add component (AddParameter): Name = "Package"; Value = "None"; VariantName = "[No Variations]"
Add component (AddParameter): Name = "Price"; Value = "None"; VariantName = "[No Variations]"
Add component (AddParameter): Name = "Value"; Value = ""; VariantName = "[No Variations]"
Added Component: Designator=R?(RESC1608X50N)
Add component (AddParameter): Name = "Availability"; Value = "Unavailable"; VariantName = "[No Variations]"
Add component (AddParameter): Name = "MF"; Value = "{'manufacturer': u'TE Connectivity'}"; VariantName = "[No Variations]"
Add component (AddParameter): Name = "MP"; Value = "6-1879335-5"; VariantName = "[No Variations]"
Add component (AddParameter): Name = "Package"; Value = "None"; VariantName = "[No Variations]"
Add component (AddParameter): Name = "Price"; Value = "None"; VariantName = "[No Variations]"
Add component (AddParameter): Name = "Value"; Value = ""; VariantName = "[No Variations]"
Added Component: Designator=R?(RESC1608X50N)
Add component (AddParameter): Name = "Availability"; Value = "Unavailable"; VariantName = "[No Variations]"
Add component (AddParameter): Name = "MF"; Value = "{'manufacturer': u'TE Connectivity'}"; VariantName = "[No Variations]"
Add component (AddParameter): Name = "MP"; Value = "6-1879335-5"; VariantName = "[No Variations]"
Add component (AddParameter): Name = "Package"; Value = "None"; VariantName = "[No Variations]"
Add component (AddParameter): Name = "Price"; Value = "None"; VariantName = "[No Variations]"
Add component (AddParameter): Name = "Value"; Value = ""; VariantName = "[No Variations]"
Added Component: Designator=R?(RESC1608X50N)
Add component (AddParameter): Name = "Availability"; Value = "Unavailable"; VariantName = "[No Variations]"
Add component (AddParameter): Name = "MF"; Value = "{'manufacturer': u'TE Connectivity'}"; VariantName = "[No Variations]"
Add component (AddParameter): Name = "MP"; Value = "6-1879335-5"; VariantName = "[No Variations]"
Add component (AddParameter): Name = "Package"; Value = "None"; VariantName = "[No Variations]"
Add component (AddParameter): Name = "Price"; Value = "None"; VariantName = "[No Variations]"
Add component (AddParameter): Name = "Value"; Value = ""; VariantName = "[No Variations]"
Added Component: Designator=R?(RESC1608X50N)
Add component (AddParameter): Name = "Availability"; Value = "Unavailable"; VariantName = "[No Variations]"
Add component (AddParameter): Name = "MF"; Value = "{'manufacturer': u'TE Connectivity'}"; VariantName = "[No Variations]"
Add component (AddParameter): Name = "MP"; Value = "6-1879335-5"; VariantName = "[No Variations]"
Add component (AddParameter): Name = "Package"; Value = "None"; VariantName = "[No Variations]"
Add component (AddParameter): Name = "Price"; Value = "None"; VariantName = "[No Variations]"
Add component (AddParameter): Name = "Value"; Value = ""; VariantName = "[No Variations]"
Added Component: Designator=R?(RESC1608X50N)
Add component (AddParameter): Name = "Availability"; Value = "Unavailable"; VariantName = "[No Variations]"
Add component (AddParameter): Name = "MF"; Value = "{'manufacturer': u'TE Connectivity'}"; VariantName = "[No Variations]"
Add component (AddParameter): Name = "MP"; Value = "6-1879335-5"; VariantName = "[No Variations]"
Add component (AddParameter): Name = "Package"; Value = "None"; VariantName = "[No Variations]"
Add component (AddParameter): Name = "Price"; Value = "None"; VariantName = "[No Variations]"
Add component (AddParameter): Name = "Value"; Value = ""; VariantName = "[No Variations]"
Added Component: Designator=R?(RESC1608X50N)
Add component (AddParameter): Name = "Availability"; Value = "Unavailable"; VariantName = "[No Variations]"
Add component (AddParameter): Name = "MF"; Value = "{'manufacturer': u'TE Connectivity'}"; VariantName = "[No Variations]"
Add component (AddParameter): Name = "MP"; Value = "6-1879335-5"; VariantName = "[No Variations]"
Add component (AddParameter): Name = "Package"; Value = "None"; VariantName = "[No Variations]"
Add component (AddParameter): Name = "Price"; Value = "None"; VariantName = "[No Variations]"
Add component (AddParameter): Name = "Value"; Value = ""; VariantName = "[No Variations]"
Added Component: Designator=R?(RESC1608X50N)
Add component (AddParameter): Name = "Availability"; Value = "Unavailable"; VariantName = "[No Variations]"
Add component (AddParameter): Name = "MF"; Value = "{'manufacturer': u'TE Connectivity'}"; VariantName = "[No Variations]"
Add component (AddParameter): Name = "MP"; Value = "6-1879335-5"; VariantName = "[No Variations]"
Add component (AddParameter): Name = "Package"; Value = "None"; VariantName = "[No Variations]"
Add component (AddParameter): Name = "Price"; Value = "None"; VariantName = "[No Variations]"
Add component (AddParameter): Name = "Value"; Value = ""; VariantName = "[No Variations]"
Added Component: Designator=R?(RESC1608X50N)
Add component (AddParameter): Name = "Availability"; Value = "Unavailable"; VariantName = "[No Variations]"
Add component (AddParameter): Name = "MF"; Value = "{'manufacturer': u'TE Connectivity'}"; VariantName = "[No Variations]"
Add component (AddParameter): Name = "MP"; Value = "6-1879335-5"; VariantName = "[No Variations]"
Add component (AddParameter): Name = "Package"; Value = "None"; VariantName = "[No Variations]"
Add component (AddParameter): Name = "Price"; Value = "None"; VariantName = "[No Variations]"
Add component (AddParameter): Name = "Value"; Value = ""; VariantName = "[No Variations]"
Added Component: Designator=R?(RESC1608X50N)
Add component (AddParameter): Name = "Availability"; Value = "Unavailable"; VariantName = "[No Variations]"
Add component (AddParameter): Name = "MF"; Value = "{'manufacturer': u'TE Connectivity'}"; VariantName = "[No Variations]"
Add component (AddParameter): Name = "MP"; Value = "6-1879335-5"; VariantName = "[No Variations]"
Add component (AddParameter): Name = "Package"; Value = "None"; VariantName = "[No Variations]"
Add component (AddParameter): Name = "Price"; Value = "None"; VariantName = "[No Variations]"
Add component (AddParameter): Name = "Value"; Value = ""; VariantName = "[No Variations]"
Added Component: Designator=R?(RESC1608X50N)
Add component (AddParameter): Name = "Availability"; Value = "Unavailable"; VariantName = "[No Variations]"
Add component (AddParameter): Name = "MF"; Value = "{'manufacturer': u'TE Connectivity'}"; VariantName = "[No Variations]"
Add component (AddParameter): Name = "MP"; Value = "6-1879335-5"; VariantName = "[No Variations]"
Add component (AddParameter): Name = "Package"; Value = "None"; VariantName = "[No Variations]"
Add component (AddParameter): Name = "Price"; Value = "None"; VariantName = "[No Variations]"
Add component (AddParameter): Name = "Value"; Value = ""; VariantName = "[No Variations]"
Added Component: Designator=R?(RESC1608X50N)
Add component (AddParameter): Name = "Availability"; Value = "Unavailable"; VariantName = "[No Variations]"
Add component (AddParameter): Name = "MF"; Value = "{'manufacturer': u'TE Connectivity'}"; VariantName = "[No Variations]"
Add component (AddParameter): Name = "MP"; Value = "6-1879335-5"; VariantName = "[No Variations]"
Add component (AddParameter): Name = "Package"; Value = "None"; VariantName = "[No Variations]"
Add component (AddParameter): Name = "Price"; Value = "None"; VariantName = "[No Variations]"
Add component (AddParameter): Name = "Value"; Value = ""; VariantName = "[No Variations]"
Added Component: Designator=R?(RESC1608X50N)
Add component (AddParameter): Name = "Availability"; Value = "Unavailable"; VariantName = "[No Variations]"
Add component (AddParameter): Name = "MF"; Value = "{'manufacturer': u'TE Connectivity'}"; VariantName = "[No Variations]"
Add component (AddParameter): Name = "MP"; Value = "6-1879335-5"; VariantName = "[No Variations]"
Add component (AddParameter): Name = "Package"; Value = "None"; VariantName = "[No Variations]"
Add component (AddParameter): Name = "Price"; Value = "None"; VariantName = "[No Variations]"
Add component (AddParameter): Name = "Value"; Value = ""; VariantName = "[No Variations]"
Added Component: Designator=R?(RESC1608X50N)
Add component (AddParameter): Name = "Availability"; Value = "Unavailable"; VariantName = "[No Variations]"
Add component (AddParameter): Name = "MF"; Value = "{'manufacturer': u'TE Connectivity'}"; VariantName = "[No Variations]"
Add component (AddParameter): Name = "MP"; Value = "6-1879335-5"; VariantName = "[No Variations]"
Add component (AddParameter): Name = "Package"; Value = "None"; VariantName = "[No Variations]"
Add component (AddParameter): Name = "Price"; Value = "None"; VariantName = "[No Variations]"
Add component (AddParameter): Name = "Value"; Value = ""; VariantName = "[No Variations]"
Added Component: Designator=R?(RESC1608X50N)
Add component (AddParameter): Name = "Availability"; Value = "Unavailable"; VariantName = "[No Variations]"
Add component (AddParameter): Name = "MF"; Value = "{'manufacturer': u'TE Connectivity'}"; VariantName = "[No Variations]"
Add component (AddParameter): Name = "MP"; Value = "6-1879335-5"; VariantName = "[No Variations]"
Add component (AddParameter): Name = "Package"; Value = "None"; VariantName = "[No Variations]"
Add component (AddParameter): Name = "Price"; Value = "None"; VariantName = "[No Variations]"
Add component (AddParameter): Name = "Value"; Value = ""; VariantName = "[No Variations]"
Added Component: Designator=R?(RESC1608X50N)
Add component (AddParameter): Name = "Availability"; Value = "Unavailable"; VariantName = "[No Variations]"
Add component (AddParameter): Name = "MF"; Value = "{'manufacturer': u'TE Connectivity'}"; VariantName = "[No Variations]"
Add component (AddParameter): Name = "MP"; Value = "6-1879335-5"; VariantName = "[No Variations]"
Add component (AddParameter): Name = "Package"; Value = "None"; VariantName = "[No Variations]"
Add component (AddParameter): Name = "Price"; Value = "None"; VariantName = "[No Variations]"
Add component (AddParameter): Name = "Value"; Value = ""; VariantName = "[No Variations]"
Added Component: Designator=R?(RESC1608X50N)
Add component (AddParameter): Name = "Availability"; Value = "Unavailable"; VariantName = "[No Variations]"
Add component (AddParameter): Name = "MF"; Value = "{'manufacturer': u'TE Connectivity'}"; VariantName = "[No Variations]"
Add component (AddParameter): Name = "MP"; Value = "6-1879335-5"; VariantName = "[No Variations]"
Add component (AddParameter): Name = "Package"; Value = "None"; VariantName = "[No Variations]"
Add component (AddParameter): Name = "Price"; Value = "None"; VariantName = "[No Variations]"
Add component (AddParameter): Name = "Value"; Value = ""; VariantName = "[No Variations]"
Added Component: Designator=R?(RESC1608X50N)
Add component (AddParameter): Name = "Availability"; Value = "Unavailable"; VariantName = "[No Variations]"
Add component (AddParameter): Name = "MF"; Value = "{'manufacturer': u'TE Connectivity'}"; VariantName = "[No Variations]"
Add component (AddParameter): Name = "MP"; Value = "6-1879335-5"; VariantName = "[No Variations]"
Add component (AddParameter): Name = "Package"; Value = "None"; VariantName = "[No Variations]"
Add component (AddParameter): Name = "Price"; Value = "None"; VariantName = "[No Variations]"
Add component (AddParameter): Name = "Value"; Value = ""; VariantName = "[No Variations]"
Added Component: Designator=R?(RESC1608X50N)
Add component (AddParameter): Name = "Availability"; Value = "Unavailable"; VariantName = "[No Variations]"
Add component (AddParameter): Name = "MF"; Value = "{'manufacturer': u'TE Connectivity'}"; VariantName = "[No Variations]"
Add component (AddParameter): Name = "MP"; Value = "6-1879335-5"; VariantName = "[No Variations]"
Add component (AddParameter): Name = "Package"; Value = "None"; VariantName = "[No Variations]"
Add component (AddParameter): Name = "Price"; Value = "None"; VariantName = "[No Variations]"
Add component (AddParameter): Name = "Value"; Value = ""; VariantName = "[No Variations]"
Added Component: Designator=U1(LQFP100-0.5-13.8X13.8MM)
Add component (AddParameter): Name = "Availability"; Value = "Unavailable"; VariantName = "[No Variations]"
Add component (AddParameter): Name = "MF"; Value = "{'manufacturer': u'STMicroelectronics'}"; VariantName = "[No Variations]"
Add component (AddParameter): Name = "MP"; Value = "MCU-STM32F407VET6(LQFP100)"; VariantName = "[No Variations]"
Add component (AddParameter): Name = "Package"; Value = "None"; VariantName = "[No Variations]"
Add component (AddParameter): Name = "Price"; Value = "None"; VariantName = "[No Variations]"
Add component (AddParameter): Name = "Value"; Value = ""; VariantName = "[No Variations]"
Added Component: Designator=U2(SOP127P780X200-20N)
Added Component: Designator=U3(SOIC127P1030X265-20N)
Add component (AddParameter): Name = "Availability"; Value = "Unavailable"; VariantName = "[No Variations]"
Add component (AddParameter): Name = "MF"; Value = "{'manufacturer': u'Texas Instruments'}"; VariantName = "[No Variations]"
Add component (AddParameter): Name = "MP"; Value = "SN74HCT273DW"; VariantName = "[No Variations]"
Add component (AddParameter): Name = "Package"; Value = "None"; VariantName = "[No Variations]"
Add component (AddParameter): Name = "Price"; Value = "None"; VariantName = "[No Variations]"
Add component (AddParameter): Name = "Value"; Value = ""; VariantName = "[No Variations]"
Added Component: Designator=U4(SOP127P780X200-20N)
Added Component: Designator=U5(SOIC127P1030X265-20N)
Add component (AddParameter): Name = "Availability"; Value = "Unavailable"; VariantName = "[No Variations]"
Add component (AddParameter): Name = "MF"; Value = "{'manufacturer': u'Texas Instruments'}"; VariantName = "[No Variations]"
Add component (AddParameter): Name = "MP"; Value = "SN74HCT273DW"; VariantName = "[No Variations]"
Add component (AddParameter): Name = "Package"; Value = "None"; VariantName = "[No Variations]"
Add component (AddParameter): Name = "Price"; Value = "None"; VariantName = "[No Variations]"
Add component (AddParameter): Name = "Value"; Value = ""; VariantName = "[No Variations]"
Added Component: Designator=U?(SOP127P780X200-20N)
Added Component: Designator=U?(SOIC127P1030X265-20N)
Add component (AddParameter): Name = "Availability"; Value = "Unavailable"; VariantName = "[No Variations]"
Add component (AddParameter): Name = "MF"; Value = "{'manufacturer': u'Texas Instruments'}"; VariantName = "[No Variations]"
Add component (AddParameter): Name = "MP"; Value = "SN74HCT273DW"; VariantName = "[No Variations]"
Add component (AddParameter): Name = "Package"; Value = "None"; VariantName = "[No Variations]"
Add component (AddParameter): Name = "Price"; Value = "None"; VariantName = "[No Variations]"
Add component (AddParameter): Name = "Value"; Value = ""; VariantName = "[No Variations]"
Added Component: Designator=U?(SOP127P780X200-20N)
Added Component: Designator=U?(SOIC127P1030X265-20N)
Add component (AddParameter): Name = "Availability"; Value = "Unavailable"; VariantName = "[No Variations]"
Add component (AddParameter): Name = "MF"; Value = "{'manufacturer': u'Texas Instruments'}"; VariantName = "[No Variations]"
Add component (AddParameter): Name = "MP"; Value = "SN74HCT273DW"; VariantName = "[No Variations]"
Add component (AddParameter): Name = "Package"; Value = "None"; VariantName = "[No Variations]"
Add component (AddParameter): Name = "Price"; Value = "None"; VariantName = "[No Variations]"
Add component (AddParameter): Name = "Value"; Value = ""; VariantName = "[No Variations]"
Added Pin To Net: NetName=+5 Pin=C1-2
Added Pin To Net: NetName=+5 Pin=C?-2
Added Pin To Net: NetName=+5 Pin=C?-2
Added Pin To Net: NetName=+5 Pin=C?-2
Added Pin To Net: NetName=+5 Pin=C?-2
Added Pin To Net: NetName=+5 Pin=C?-2
Added Pin To Net: NetName=+5 Pin=C?-2
Added Pin To Net: NetName=+5 Pin=C?-2
Added Pin To Net: NetName=+5 Pin=C?-2
Added Pin To Net: NetName=+5 Pin=C?-2
Added Pin To Net: NetName=+5 Pin=C?-2
Added Pin To Net: NetName=+5 Pin=C?-2
Added Pin To Net: NetName=+5 Pin=C?-2
Added Pin To Net: NetName=+5 Pin=C?-2
Added Pin To Net: NetName=+5 Pin=C?-2
Added Pin To Net: NetName=+5 Pin=C?-2
Added Pin To Net: NetName=+5 Pin=C?-2
Added Pin To Net: NetName=+5 Pin=C?-2
Added Pin To Net: NetName=+5 Pin=C?-2
Added Pin To Net: NetName=+5 Pin=C?-2
Added Pin To Net: NetName=+5 Pin=C?-2
Added Pin To Net: NetName=+5 Pin=C?-2
Added Pin To Net: NetName=+5 Pin=C?-2
Added Pin To Net: NetName=+5 Pin=C?-2
Added Pin To Net: NetName=+5 Pin=D1-C
Added Pin To Net: NetName=+5 Pin=D?-C
Added Pin To Net: NetName=+5 Pin=D?-C
Added Pin To Net: NetName=+5 Pin=D?-C
Added Pin To Net: NetName=+5 Pin=D?-C
Added Pin To Net: NetName=+5 Pin=D?-C
Added Pin To Net: NetName=+5 Pin=D?-C
Added Pin To Net: NetName=+5 Pin=D?-C
Added Pin To Net: NetName=+5 Pin=D?-C
Added Pin To Net: NetName=+5 Pin=D?-C
Added Pin To Net: NetName=+5 Pin=D?-C
Added Pin To Net: NetName=+5 Pin=D?-C
Added Pin To Net: NetName=+5 Pin=D?-C
Added Pin To Net: NetName=+5 Pin=D?-C
Added Pin To Net: NetName=+5 Pin=D?-C
Added Pin To Net: NetName=+5 Pin=D?-C
Added Pin To Net: NetName=+5 Pin=D?-C
Added Pin To Net: NetName=+5 Pin=D?-C
Added Pin To Net: NetName=+5 Pin=D?-C
Added Pin To Net: NetName=+5 Pin=D?-C
Added Pin To Net: NetName=+5 Pin=D?-C
Added Pin To Net: NetName=+5 Pin=D?-C
Added Pin To Net: NetName=+5 Pin=D?-C
Added Pin To Net: NetName=+5 Pin=D?-C
Added Pin To Net: NetName=+5 Pin=K1-5
Added Pin To Net: NetName=+5 Pin=K?-5
Added Pin To Net: NetName=+5 Pin=K?-5
Added Pin To Net: NetName=+5 Pin=K?-5
Added Pin To Net: NetName=+5 Pin=K?-5
Added Pin To Net: NetName=+5 Pin=K?-5
Added Pin To Net: NetName=+5 Pin=K?-5
Added Pin To Net: NetName=+5 Pin=K?-5
Added Pin To Net: NetName=+5 Pin=K?-5
Added Pin To Net: NetName=+5 Pin=K?-5
Added Pin To Net: NetName=+5 Pin=K?-5
Added Pin To Net: NetName=+5 Pin=K?-5
Added Pin To Net: NetName=+5 Pin=K?-5
Added Pin To Net: NetName=+5 Pin=K?-5
Added Pin To Net: NetName=+5 Pin=K?-5
Added Pin To Net: NetName=+5 Pin=K?-5
Added Pin To Net: NetName=+5 Pin=K?-5
Added Pin To Net: NetName=+5 Pin=K?-5
Added Pin To Net: NetName=+5 Pin=K?-5
Added Pin To Net: NetName=+5 Pin=K?-5
Added Pin To Net: NetName=+5 Pin=K?-5
Added Pin To Net: NetName=+5 Pin=K?-5
Added Pin To Net: NetName=+5 Pin=K?-5
Added Pin To Net: NetName=+5 Pin=K?-5
Added Pin To Net: NetName=+5 Pin=U2-20
Added Pin To Net: NetName=+5 Pin=U3-20
Added Pin To Net: NetName=+5 Pin=U4-20
Added Pin To Net: NetName=+5 Pin=U5-20
Added Pin To Net: NetName=+5 Pin=U?-20
Added Pin To Net: NetName=+5 Pin=U?-20
Added Pin To Net: NetName=+5 Pin=U?-20
Added Pin To Net: NetName=+5 Pin=U?-20
Added Net: Name=+5
Added Pin To Net: NetName=GND Pin=Q1-2
Added Pin To Net: NetName=GND Pin=Q?-2
Added Pin To Net: NetName=GND Pin=Q?-2
Added Pin To Net: NetName=GND Pin=Q?-2
Added Pin To Net: NetName=GND Pin=Q?-2
Added Pin To Net: NetName=GND Pin=Q?-2
Added Pin To Net: NetName=GND Pin=Q?-2
Added Pin To Net: NetName=GND Pin=Q?-2
Added Pin To Net: NetName=GND Pin=Q?-2
Added Pin To Net: NetName=GND Pin=Q?-2
Added Pin To Net: NetName=GND Pin=Q?-2
Added Pin To Net: NetName=GND Pin=Q?-2
Added Pin To Net: NetName=GND Pin=Q?-2
Added Pin To Net: NetName=GND Pin=Q?-2
Added Pin To Net: NetName=GND Pin=Q?-2
Added Pin To Net: NetName=GND Pin=Q?-2
Added Pin To Net: NetName=GND Pin=Q?-2
Added Pin To Net: NetName=GND Pin=Q?-2
Added Pin To Net: NetName=GND Pin=Q?-2
Added Pin To Net: NetName=GND Pin=Q?-2
Added Pin To Net: NetName=GND Pin=Q?-2
Added Pin To Net: NetName=GND Pin=Q?-2
Added Pin To Net: NetName=GND Pin=Q?-2
Added Pin To Net: NetName=GND Pin=Q?-2
Added Pin To Net: NetName=GND Pin=R2-1
Added Pin To Net: NetName=GND Pin=R?-1
Added Pin To Net: NetName=GND Pin=R?-1
Added Pin To Net: NetName=GND Pin=R?-1
Added Pin To Net: NetName=GND Pin=R?-1
Added Pin To Net: NetName=GND Pin=R?-1
Added Pin To Net: NetName=GND Pin=R?-1
Added Pin To Net: NetName=GND Pin=R?-1
Added Pin To Net: NetName=GND Pin=R?-1
Added Pin To Net: NetName=GND Pin=R?-1
Added Pin To Net: NetName=GND Pin=R?-1
Added Pin To Net: NetName=GND Pin=R?-1
Added Pin To Net: NetName=GND Pin=R?-1
Added Pin To Net: NetName=GND Pin=R?-1
Added Pin To Net: NetName=GND Pin=R?-1
Added Pin To Net: NetName=GND Pin=R?-1
Added Pin To Net: NetName=GND Pin=R?-1
Added Pin To Net: NetName=GND Pin=R?-1
Added Pin To Net: NetName=GND Pin=R?-1
Added Pin To Net: NetName=GND Pin=R?-1
Added Pin To Net: NetName=GND Pin=R?-1
Added Pin To Net: NetName=GND Pin=R?-1
Added Pin To Net: NetName=GND Pin=R?-1
Added Pin To Net: NetName=GND Pin=R?-1
Added Pin To Net: NetName=GND Pin=U2-10
Added Pin To Net: NetName=GND Pin=U3-10
Added Pin To Net: NetName=GND Pin=U4-10
Added Pin To Net: NetName=GND Pin=U5-10
Added Pin To Net: NetName=GND Pin=U?-10
Added Pin To Net: NetName=GND Pin=U?-10
Added Pin To Net: NetName=GND Pin=U?-10
Added Pin To Net: NetName=GND Pin=U?-10
Added Net: Name=GND
Added Pin To Net: NetName=NC1 Pin=K1-2
Added Pin To Net: NetName=NC1 Pin=K?-2
Added Pin To Net: NetName=NC1 Pin=K?-2
Added Pin To Net: NetName=NC1 Pin=K?-2
Added Pin To Net: NetName=NC1 Pin=K?-2
Added Pin To Net: NetName=NC1 Pin=K?-2
Added Pin To Net: NetName=NC1 Pin=K?-2
Added Pin To Net: NetName=NC1 Pin=K?-2
Added Pin To Net: NetName=NC1 Pin=K?-2
Added Pin To Net: NetName=NC1 Pin=K?-2
Added Pin To Net: NetName=NC1 Pin=K?-2
Added Pin To Net: NetName=NC1 Pin=K?-2
Added Pin To Net: NetName=NC1 Pin=K?-2
Added Pin To Net: NetName=NC1 Pin=K?-2
Added Pin To Net: NetName=NC1 Pin=K?-2
Added Pin To Net: NetName=NC1 Pin=K?-2
Added Pin To Net: NetName=NC1 Pin=K?-2
Added Pin To Net: NetName=NC1 Pin=K?-2
Added Pin To Net: NetName=NC1 Pin=K?-2
Added Pin To Net: NetName=NC1 Pin=K?-2
Added Pin To Net: NetName=NC1 Pin=K?-2
Added Pin To Net: NetName=NC1 Pin=K?-2
Added Pin To Net: NetName=NC1 Pin=K?-2
Added Pin To Net: NetName=NC1 Pin=K?-2
Added Net: Name=NC1
Added Pin To Net: NetName=NetC1_1 Pin=C1-1
Added Pin To Net: NetName=NetC1_1 Pin=D1-A
Added Pin To Net: NetName=NetC1_1 Pin=K1-1
Added Pin To Net: NetName=NetC1_1 Pin=Q1-3
Added Net: Name=NetC1_1
Added Pin To Net: NetName=NetC?_1 Pin=C?-1
Added Pin To Net: NetName=NetC?_1 Pin=D?-A
Added Pin To Net: NetName=NetC?_1 Pin=K?-1
Added Pin To Net: NetName=NetC?_1 Pin=Q?-3
Added Net: Name=NetC?_1
Added Pin To Net: NetName=NetQ1_1 Pin=Q1-1
Added Pin To Net: NetName=NetQ1_1 Pin=R1-2
Added Pin To Net: NetName=NetQ1_1 Pin=R2-2
Added Net: Name=NetQ1_1
Added Pin To Net: NetName=NetQ?_1 Pin=Q?-1
Added Pin To Net: NetName=NetQ?_1 Pin=R?-2
Added Pin To Net: NetName=NetQ?_1 Pin=R?-2
Added Net: Name=NetQ?_1
Added Pin To Net: NetName=NetU2_13 Pin=U2-13
Added Pin To Net: NetName=NetU2_13 Pin=U3-14
Added Net: Name=NetU2_13
Added Pin To Net: NetName=NetU2_14 Pin=U2-14
Added Pin To Net: NetName=NetU2_14 Pin=U3-13
Added Net: Name=NetU2_14
Added Pin To Net: NetName=NetU2_15 Pin=U2-15
Added Pin To Net: NetName=NetU2_15 Pin=U3-8
Added Net: Name=NetU2_15
Added Pin To Net: NetName=NetU2_16 Pin=U2-16
Added Pin To Net: NetName=NetU2_16 Pin=U3-7
Added Net: Name=NetU2_16
Added Pin To Net: NetName=NetU2_17 Pin=U2-17
Added Pin To Net: NetName=NetU2_17 Pin=U3-4
Added Net: Name=NetU2_17
Added Pin To Net: NetName=NetU2_18 Pin=U2-18
Added Pin To Net: NetName=NetU2_18 Pin=U3-3
Added Net: Name=NetU2_18
Added Pin To Net: NetName=NetU4_13 Pin=U4-13
Added Pin To Net: NetName=NetU4_13 Pin=U5-14
Added Net: Name=NetU4_13
Added Pin To Net: NetName=NetU4_14 Pin=U4-14
Added Pin To Net: NetName=NetU4_14 Pin=U5-13
Added Net: Name=NetU4_14
Added Pin To Net: NetName=NetU4_15 Pin=U4-15
Added Pin To Net: NetName=NetU4_15 Pin=U5-8
Added Net: Name=NetU4_15
Added Pin To Net: NetName=NetU4_16 Pin=U4-16
Added Pin To Net: NetName=NetU4_16 Pin=U5-7
Added Net: Name=NetU4_16
Added Pin To Net: NetName=NetU4_17 Pin=U4-17
Added Pin To Net: NetName=NetU4_17 Pin=U5-4
Added Net: Name=NetU4_17
Added Pin To Net: NetName=NetU4_18 Pin=U4-18
Added Pin To Net: NetName=NetU4_18 Pin=U5-3
Added Net: Name=NetU4_18
Added Pin To Net: NetName=NetU?_3 Pin=U?-3
Added Pin To Net: NetName=NetU?_3 Pin=U?-18
Added Net: Name=NetU?_3
Added Pin To Net: NetName=NetU?_4 Pin=U?-4
Added Pin To Net: NetName=NetU?_4 Pin=U?-17
Added Net: Name=NetU?_4
Added Pin To Net: NetName=NetU?_7 Pin=U?-7
Added Pin To Net: NetName=NetU?_7 Pin=U?-16
Added Net: Name=NetU?_7
Added Pin To Net: NetName=NetU?_8 Pin=U?-8
Added Pin To Net: NetName=NetU?_8 Pin=U?-15
Added Net: Name=NetU?_8
Added Pin To Net: NetName=NetU?_13 Pin=U?-13
Added Pin To Net: NetName=NetU?_13 Pin=U?-14
Added Net: Name=NetU?_13
Added Pin To Net: NetName=NO1 Pin=K1-3
Added Pin To Net: NetName=NO1 Pin=K?-3
Added Pin To Net: NetName=NO1 Pin=K?-3
Added Pin To Net: NetName=NO1 Pin=K?-3
Added Pin To Net: NetName=NO1 Pin=K?-3
Added Pin To Net: NetName=NO1 Pin=K?-3
Added Pin To Net: NetName=NO1 Pin=K?-3
Added Pin To Net: NetName=NO1 Pin=K?-3
Added Pin To Net: NetName=NO1 Pin=K?-3
Added Pin To Net: NetName=NO1 Pin=K?-3
Added Pin To Net: NetName=NO1 Pin=K?-3
Added Pin To Net: NetName=NO1 Pin=K?-3
Added Pin To Net: NetName=NO1 Pin=K?-3
Added Pin To Net: NetName=NO1 Pin=K?-3
Added Pin To Net: NetName=NO1 Pin=K?-3
Added Pin To Net: NetName=NO1 Pin=K?-3
Added Pin To Net: NetName=NO1 Pin=K?-3
Added Pin To Net: NetName=NO1 Pin=K?-3
Added Pin To Net: NetName=NO1 Pin=K?-3
Added Pin To Net: NetName=NO1 Pin=K?-3
Added Pin To Net: NetName=NO1 Pin=K?-3
Added Pin To Net: NetName=NO1 Pin=K?-3
Added Pin To Net: NetName=NO1 Pin=K?-3
Added Pin To Net: NetName=NO1 Pin=K?-3
Added Net: Name=NO1
Added Pin To Net: NetName=Relay1_1 Pin=U3-2
Added Net: Name=Relay1_1
Added Pin To Net: NetName=Relay1 Pin=R1-1
Added Pin To Net: NetName=Relay1 Pin=R?-1
Added Pin To Net: NetName=Relay1 Pin=R?-1
Added Pin To Net: NetName=Relay1 Pin=R?-1
Added Pin To Net: NetName=Relay1 Pin=R?-1
Added Pin To Net: NetName=Relay1 Pin=R?-1
Added Pin To Net: NetName=Relay1 Pin=R?-1
Added Pin To Net: NetName=Relay1 Pin=R?-1
Added Pin To Net: NetName=Relay1 Pin=R?-1
Added Pin To Net: NetName=Relay1 Pin=R?-1
Added Pin To Net: NetName=Relay1 Pin=R?-1
Added Pin To Net: NetName=Relay1 Pin=R?-1
Added Pin To Net: NetName=Relay1 Pin=R?-1
Added Pin To Net: NetName=Relay1 Pin=R?-1
Added Pin To Net: NetName=Relay1 Pin=R?-1
Added Pin To Net: NetName=Relay1 Pin=R?-1
Added Pin To Net: NetName=Relay1 Pin=R?-1
Added Pin To Net: NetName=Relay1 Pin=R?-1
Added Pin To Net: NetName=Relay1 Pin=R?-1
Added Pin To Net: NetName=Relay1 Pin=R?-1
Added Pin To Net: NetName=Relay1 Pin=R?-1
Added Pin To Net: NetName=Relay1 Pin=R?-1
Added Pin To Net: NetName=Relay1 Pin=R?-1
Added Pin To Net: NetName=Relay1 Pin=R?-1
Added Pin To Net: NetName=Relay1 Pin=U?-2
Added Net: Name=Relay1
Added Pin To Net: NetName=Relay2_1 Pin=U3-5
Added Net: Name=Relay2_1
Added Pin To Net: NetName=Relay2 Pin=U?-5
Added Net: Name=Relay2
Added Pin To Net: NetName=Relay3_1 Pin=U3-6
Added Net: Name=Relay3_1
Added Pin To Net: NetName=Relay3 Pin=U?-6
Added Net: Name=Relay3
Added Pin To Net: NetName=Relay4_1 Pin=U3-9
Added Net: Name=Relay4_1
Added Pin To Net: NetName=Relay4 Pin=U?-9
Added Net: Name=Relay4
Added Pin To Net: NetName=Relay5_1 Pin=U3-12
Added Net: Name=Relay5_1
Added Pin To Net: NetName=Relay5 Pin=U?-12
Added Net: Name=Relay5
Added Pin To Net: NetName=Relay6_1 Pin=U3-15
Added Net: Name=Relay6_1
Added Pin To Net: NetName=Relay6 Pin=U?-15
Added Net: Name=Relay6
Added Pin To Net: NetName=Relay7_1 Pin=U5-2
Added Net: Name=Relay7_1
Added Pin To Net: NetName=Relay7 Pin=U?-2
Added Net: Name=Relay7
Added Pin To Net: NetName=Relay8_1 Pin=U5-5
Added Net: Name=Relay8_1
Added Pin To Net: NetName=Relay8 Pin=U?-5
Added Net: Name=Relay8
Added Pin To Net: NetName=Relay9_1 Pin=U5-6
Added Net: Name=Relay9_1
Added Pin To Net: NetName=Relay9 Pin=U?-6
Added Net: Name=Relay9
Added Pin To Net: NetName=Relay10_1 Pin=U5-9
Added Net: Name=Relay10_1
Added Pin To Net: NetName=Relay10 Pin=U?-9
Added Net: Name=Relay10
Added Pin To Net: NetName=Relay11_1 Pin=U5-12
Added Net: Name=Relay11_1
Added Pin To Net: NetName=Relay11 Pin=U?-12
Added Net: Name=Relay11
Added Pin To Net: NetName=Relay12_1 Pin=U5-15
Added Net: Name=Relay12_1
Added Pin To Net: NetName=Relay12 Pin=U?-15
Added Net: Name=Relay12
Added Class: Name=Sheet1
Added Room: Name=Sheet1
